{"D:\\Productzilla Academy\\Latihan-Express\\backend\\src\\index.ts": {"path":"D:\\Productzilla Academy\\Latihan-Express\\backend\\src\\index.ts","statementMap":{"0":{"start":{"line":19,"column":0},"end":{"line":19,"column":16}},"1":{"start":{"line":21,"column":32},"end":{"line":21,"column":41}},"2":{"start":{"line":22,"column":13},"end":{"line":22,"column":17}},"3":{"start":{"line":24,"column":0},"end":{"line":31,"column":7}},"4":{"start":{"line":32,"column":0},"end":{"line":32,"column":27}},"5":{"start":{"line":33,"column":0},"end":{"line":33,"column":36}},"6":{"start":{"line":34,"column":0},"end":{"line":34,"column":27}},"7":{"start":{"line":35,"column":0},"end":{"line":35,"column":72}},"8":{"start":{"line":36,"column":0},"end":{"line":36,"column":23}},"9":{"start":{"line":37,"column":0},"end":{"line":37,"column":68}},"10":{"start":{"line":40,"column":0},"end":{"line":40,"column":29}},"11":{"start":{"line":41,"column":0},"end":{"line":41,"column":23}},"12":{"start":{"line":44,"column":0},"end":{"line":44,"column":34}},"13":{"start":{"line":45,"column":0},"end":{"line":45,"column":43}},"14":{"start":{"line":46,"column":0},"end":{"line":46,"column":44}},"15":{"start":{"line":47,"column":0},"end":{"line":47,"column":52}},"16":{"start":{"line":48,"column":0},"end":{"line":48,"column":45}},"17":{"start":{"line":51,"column":0},"end":{"line":51,"column":25}},"18":{"start":{"line":53,"column":0},"end":{"line":55,"column":3}},"19":{"start":{"line":54,"column":2},"end":{"line":54,"column":60}}},"fnMap":{"0":{"name":"(anonymous_0)","decl":{"start":{"line":53,"column":17},"end":{"line":53,"column":18}},"loc":{"start":{"line":53,"column":23},"end":{"line":55,"column":1}},"line":53}},"branchMap":{},"s":{"0":2,"1":2,"2":2,"3":2,"4":2,"5":2,"6":2,"7":2,"8":2,"9":2,"10":2,"11":2,"12":2,"13":2,"14":2,"15":2,"16":2,"17":2,"18":2,"19":1},"f":{"0":1},"b":{},"_coverageSchema":"1a1c01bbd47fc00a2c39e90264f33305004495a9","hash":"5610c95be9182bdac34fa6854ee1a02102738186"}
,"D:\\Productzilla Academy\\Latihan-Express\\backend\\src\\config\\corsConfig.ts": {"path":"D:\\Productzilla Academy\\Latihan-Express\\backend\\src\\config\\corsConfig.ts","statementMap":{"0":{"start":{"line":3,"column":23},"end":{"line":3,"column":73}},"1":{"start":{"line":5,"column":33},"end":{"line":17,"column":1}},"2":{"start":{"line":8,"column":4},"end":{"line":12,"column":5}},"3":{"start":{"line":9,"column":6},"end":{"line":9,"column":27}},"4":{"start":{"line":11,"column":6},"end":{"line":11,"column":88}}},"fnMap":{"0":{"name":"(anonymous_0)","decl":{"start":{"line":6,"column":10},"end":{"line":6,"column":11}},"loc":{"start":{"line":6,"column":98},"end":{"line":13,"column":3}},"line":6}},"branchMap":{"0":{"loc":{"start":{"line":8,"column":4},"end":{"line":12,"column":5}},"type":"if","locations":[{"start":{"line":8,"column":4},"end":{"line":12,"column":5}},{"start":{"line":10,"column":11},"end":{"line":12,"column":5}}],"line":8},"1":{"loc":{"start":{"line":8,"column":8},"end":{"line":8,"column":56}},"type":"binary-expr","locations":[{"start":{"line":8,"column":8},"end":{"line":8,"column":15}},{"start":{"line":8,"column":19},"end":{"line":8,"column":56}}],"line":8}},"s":{"0":2,"1":2,"2":12,"3":12,"4":0},"f":{"0":12},"b":{"0":[12,0],"1":[12,0]},"_coverageSchema":"1a1c01bbd47fc00a2c39e90264f33305004495a9","hash":"d05b8dc7ef729ac86eed20bb80eedfb45869157e"}
,"D:\\Productzilla Academy\\Latihan-Express\\backend\\src\\config\\db.ts": {"path":"D:\\Productzilla Academy\\Latihan-Express\\backend\\src\\config\\db.ts","statementMap":{"0":{"start":{"line":6,"column":22},"end":{"line":16,"column":3}},"1":{"start":{"line":7,"column":4},"end":{"line":15,"column":5}},"2":{"start":{"line":8,"column":6},"end":{"line":10,"column":7}},"3":{"start":{"line":9,"column":8},"end":{"line":9,"column":71}},"4":{"start":{"line":11,"column":6},"end":{"line":11,"column":56}},"5":{"start":{"line":12,"column":6},"end":{"line":12,"column":48}},"6":{"start":{"line":14,"column":6},"end":{"line":14,"column":49}},"7":{"start":{"line":18,"column":16},"end":{"line":45,"column":3}},"8":{"start":{"line":19,"column":23},"end":{"line":19,"column":44}},"9":{"start":{"line":20,"column":26},"end":{"line":20,"column":50}},"10":{"start":{"line":22,"column":4},"end":{"line":44,"column":5}},"11":{"start":{"line":23,"column":28},"end":{"line":23,"column":67}},"12":{"start":{"line":24,"column":6},"end":{"line":41,"column":7}},"13":{"start":{"line":25,"column":31},"end":{"line":25,"column":67}},"14":{"start":{"line":28,"column":26},"end":{"line":35,"column":10}},"15":{"start":{"line":37,"column":8},"end":{"line":37,"column":31}},"16":{"start":{"line":38,"column":8},"end":{"line":38,"column":55}},"17":{"start":{"line":40,"column":8},"end":{"line":40,"column":49}},"18":{"start":{"line":43,"column":6},"end":{"line":43,"column":57}}},"fnMap":{"0":{"name":"(anonymous_0)","decl":{"start":{"line":6,"column":22},"end":{"line":6,"column":23}},"loc":{"start":{"line":6,"column":49},"end":{"line":16,"column":3}},"line":6},"1":{"name":"(anonymous_1)","decl":{"start":{"line":18,"column":16},"end":{"line":18,"column":17}},"loc":{"start":{"line":18,"column":28},"end":{"line":45,"column":3}},"line":18}},"branchMap":{"0":{"loc":{"start":{"line":8,"column":6},"end":{"line":10,"column":7}},"type":"if","locations":[{"start":{"line":8,"column":6},"end":{"line":10,"column":7}},{"start":{},"end":{}}],"line":8},"1":{"loc":{"start":{"line":24,"column":6},"end":{"line":41,"column":7}},"type":"if","locations":[{"start":{"line":24,"column":6},"end":{"line":41,"column":7}},{"start":{"line":39,"column":13},"end":{"line":41,"column":7}}],"line":24}},"s":{"0":2,"1":2,"2":2,"3":0,"4":2,"5":2,"6":0,"7":2,"8":2,"9":2,"10":2,"11":2,"12":2,"13":0,"14":0,"15":0,"16":0,"17":2,"18":0},"f":{"0":2,"1":2},"b":{"0":[0,2],"1":[0,2]},"_coverageSchema":"1a1c01bbd47fc00a2c39e90264f33305004495a9","hash":"04b46673a2f7483134d5f8f58d628a41543b62fd"}
,"D:\\Productzilla Academy\\Latihan-Express\\backend\\src\\controllers\\admin-feedback-controller.ts": {"path":"D:\\Productzilla Academy\\Latihan-Express\\backend\\src\\controllers\\admin-feedback-controller.ts","statementMap":{"0":{"start":{"line":10,"column":8},"end":{"line":23,"column":9}},"1":{"start":{"line":11,"column":25},"end":{"line":11,"column":33}},"2":{"start":{"line":12,"column":32},"end":{"line":12,"column":54}},"3":{"start":{"line":14,"column":28},"end":{"line":14,"column":59}},"4":{"start":{"line":15,"column":32},"end":{"line":15,"column":67}},"5":{"start":{"line":17,"column":34},"end":{"line":17,"column":108}},"6":{"start":{"line":18,"column":12},"end":{"line":20,"column":14}},"7":{"start":{"line":22,"column":12},"end":{"line":22,"column":20}},"8":{"start":{"line":27,"column":8},"end":{"line":37,"column":9}},"9":{"start":{"line":28,"column":32},"end":{"line":28,"column":54}},"10":{"start":{"line":29,"column":32},"end":{"line":29,"column":67}},"11":{"start":{"line":31,"column":34},"end":{"line":31,"column":106}},"12":{"start":{"line":32,"column":12},"end":{"line":34,"column":14}},"13":{"start":{"line":36,"column":12},"end":{"line":36,"column":20}},"14":{"start":{"line":41,"column":8},"end":{"line":55,"column":9}},"15":{"start":{"line":42,"column":25},"end":{"line":42,"column":33}},"16":{"start":{"line":43,"column":32},"end":{"line":43,"column":54}},"17":{"start":{"line":44,"column":32},"end":{"line":44,"column":67}},"18":{"start":{"line":45,"column":28},"end":{"line":45,"column":59}},"19":{"start":{"line":46,"column":12},"end":{"line":46,"column":32}},"20":{"start":{"line":49,"column":34},"end":{"line":49,"column":117}},"21":{"start":{"line":50,"column":12},"end":{"line":52,"column":14}},"22":{"start":{"line":54,"column":12},"end":{"line":54,"column":20}},"23":{"start":{"line":59,"column":8},"end":{"line":68,"column":9}},"24":{"start":{"line":60,"column":31},"end":{"line":60,"column":44}},"25":{"start":{"line":62,"column":34},"end":{"line":62,"column":84}},"26":{"start":{"line":63,"column":12},"end":{"line":65,"column":14}},"27":{"start":{"line":67,"column":12},"end":{"line":67,"column":20}},"28":{"start":{"line":72,"column":8},"end":{"line":80,"column":9}},"29":{"start":{"line":73,"column":32},"end":{"line":73,"column":67}},"30":{"start":{"line":74,"column":35},"end":{"line":74,"column":81}},"31":{"start":{"line":75,"column":12},"end":{"line":77,"column":13}},"32":{"start":{"line":79,"column":12},"end":{"line":79,"column":20}}},"fnMap":{"0":{"name":"(anonymous_0)","decl":{"start":{"line":9,"column":4},"end":{"line":9,"column":5}},"loc":{"start":{"line":9,"column":79},"end":{"line":24,"column":5}},"line":9},"1":{"name":"(anonymous_1)","decl":{"start":{"line":26,"column":4},"end":{"line":26,"column":5}},"loc":{"start":{"line":26,"column":92},"end":{"line":38,"column":5}},"line":26},"2":{"name":"(anonymous_2)","decl":{"start":{"line":40,"column":4},"end":{"line":40,"column":5}},"loc":{"start":{"line":40,"column":88},"end":{"line":56,"column":5}},"line":40},"3":{"name":"(anonymous_3)","decl":{"start":{"line":58,"column":4},"end":{"line":58,"column":5}},"loc":{"start":{"line":58,"column":84},"end":{"line":69,"column":5}},"line":58},"4":{"name":"(anonymous_4)","decl":{"start":{"line":71,"column":4},"end":{"line":71,"column":5}},"loc":{"start":{"line":71,"column":79},"end":{"line":81,"column":5}},"line":71}},"branchMap":{},"s":{"0":0,"1":0,"2":0,"3":0,"4":0,"5":0,"6":0,"7":0,"8":0,"9":0,"10":0,"11":0,"12":0,"13":0,"14":0,"15":0,"16":0,"17":0,"18":0,"19":0,"20":0,"21":0,"22":0,"23":0,"24":0,"25":0,"26":0,"27":0,"28":0,"29":0,"30":0,"31":0,"32":0},"f":{"0":0,"1":0,"2":0,"3":0,"4":0},"b":{},"_coverageSchema":"1a1c01bbd47fc00a2c39e90264f33305004495a9","hash":"130571978c9bef7ae1a3424e60c653b6a761a61f"}
,"D:\\Productzilla Academy\\Latihan-Express\\backend\\src\\controllers\\category-controller.ts": {"path":"D:\\Productzilla Academy\\Latihan-Express\\backend\\src\\controllers\\category-controller.ts","statementMap":{"0":{"start":{"line":10,"column":4},"end":{"line":19,"column":5}},"1":{"start":{"line":11,"column":27},"end":{"line":11,"column":62}},"2":{"start":{"line":12,"column":23},"end":{"line":12,"column":59}},"3":{"start":{"line":13,"column":26},"end":{"line":13,"column":81}},"4":{"start":{"line":14,"column":6},"end":{"line":16,"column":8}},"5":{"start":{"line":18,"column":6},"end":{"line":18,"column":18}},"6":{"start":{"line":23,"column":4},"end":{"line":30,"column":5}},"7":{"start":{"line":24,"column":25},"end":{"line":24,"column":65}},"8":{"start":{"line":25,"column":6},"end":{"line":27,"column":8}},"9":{"start":{"line":29,"column":6},"end":{"line":29,"column":18}},"10":{"start":{"line":34,"column":4},"end":{"line":49,"column":5}},"11":{"start":{"line":35,"column":27},"end":{"line":35,"column":62}},"12":{"start":{"line":36,"column":21},"end":{"line":36,"column":31}},"13":{"start":{"line":37,"column":23},"end":{"line":37,"column":64}},"14":{"start":{"line":38,"column":6},"end":{"line":43,"column":7}},"15":{"start":{"line":39,"column":8},"end":{"line":41,"column":10}},"16":{"start":{"line":42,"column":8},"end":{"line":42,"column":15}},"17":{"start":{"line":44,"column":6},"end":{"line":46,"column":8}},"18":{"start":{"line":48,"column":6},"end":{"line":48,"column":18}},"19":{"start":{"line":53,"column":4},"end":{"line":69,"column":5}},"20":{"start":{"line":54,"column":27},"end":{"line":54,"column":62}},"21":{"start":{"line":55,"column":21},"end":{"line":55,"column":31}},"22":{"start":{"line":56,"column":23},"end":{"line":56,"column":59}},"23":{"start":{"line":57,"column":30},"end":{"line":57,"column":89}},"24":{"start":{"line":58,"column":6},"end":{"line":63,"column":7}},"25":{"start":{"line":59,"column":8},"end":{"line":61,"column":10}},"26":{"start":{"line":62,"column":8},"end":{"line":62,"column":15}},"27":{"start":{"line":64,"column":6},"end":{"line":66,"column":8}},"28":{"start":{"line":68,"column":6},"end":{"line":68,"column":18}},"29":{"start":{"line":73,"column":4},"end":{"line":88,"column":5}},"30":{"start":{"line":74,"column":27},"end":{"line":74,"column":62}},"31":{"start":{"line":75,"column":21},"end":{"line":75,"column":31}},"32":{"start":{"line":76,"column":30},"end":{"line":76,"column":83}},"33":{"start":{"line":77,"column":6},"end":{"line":82,"column":7}},"34":{"start":{"line":78,"column":8},"end":{"line":80,"column":10}},"35":{"start":{"line":81,"column":8},"end":{"line":81,"column":15}},"36":{"start":{"line":83,"column":6},"end":{"line":85,"column":8}},"37":{"start":{"line":87,"column":6},"end":{"line":87,"column":18}},"38":{"start":{"line":92,"column":34},"end":{"line":92,"column":58}}},"fnMap":{"0":{"name":"(anonymous_0)","decl":{"start":{"line":9,"column":2},"end":{"line":9,"column":3}},"loc":{"start":{"line":9,"column":93},"end":{"line":20,"column":3}},"line":9},"1":{"name":"(anonymous_1)","decl":{"start":{"line":22,"column":2},"end":{"line":22,"column":3}},"loc":{"start":{"line":22,"column":89},"end":{"line":31,"column":3}},"line":22},"2":{"name":"(anonymous_2)","decl":{"start":{"line":33,"column":2},"end":{"line":33,"column":3}},"loc":{"start":{"line":33,"column":94},"end":{"line":50,"column":3}},"line":33},"3":{"name":"(anonymous_3)","decl":{"start":{"line":52,"column":2},"end":{"line":52,"column":3}},"loc":{"start":{"line":52,"column":93},"end":{"line":70,"column":3}},"line":52},"4":{"name":"(anonymous_4)","decl":{"start":{"line":72,"column":2},"end":{"line":72,"column":3}},"loc":{"start":{"line":72,"column":93},"end":{"line":89,"column":3}},"line":72}},"branchMap":{"0":{"loc":{"start":{"line":38,"column":6},"end":{"line":43,"column":7}},"type":"if","locations":[{"start":{"line":38,"column":6},"end":{"line":43,"column":7}},{"start":{},"end":{}}],"line":38},"1":{"loc":{"start":{"line":58,"column":6},"end":{"line":63,"column":7}},"type":"if","locations":[{"start":{"line":58,"column":6},"end":{"line":63,"column":7}},{"start":{},"end":{}}],"line":58},"2":{"loc":{"start":{"line":77,"column":6},"end":{"line":82,"column":7}},"type":"if","locations":[{"start":{"line":77,"column":6},"end":{"line":82,"column":7}},{"start":{},"end":{}}],"line":77}},"s":{"0":0,"1":0,"2":0,"3":0,"4":0,"5":0,"6":0,"7":0,"8":0,"9":0,"10":0,"11":0,"12":0,"13":0,"14":0,"15":0,"16":0,"17":0,"18":0,"19":0,"20":0,"21":0,"22":0,"23":0,"24":0,"25":0,"26":0,"27":0,"28":0,"29":0,"30":0,"31":0,"32":0,"33":0,"34":0,"35":0,"36":0,"37":0,"38":2},"f":{"0":0,"1":0,"2":0,"3":0,"4":0},"b":{"0":[0,0],"1":[0,0],"2":[0,0]},"_coverageSchema":"1a1c01bbd47fc00a2c39e90264f33305004495a9","hash":"0ec7e781cb211d506caeb5f0451164cbc0ce7e2e"}
,"D:\\Productzilla Academy\\Latihan-Express\\backend\\src\\controllers\\complaint-controller.ts": {"path":"D:\\Productzilla Academy\\Latihan-Express\\backend\\src\\controllers\\complaint-controller.ts","statementMap":{"0":{"start":{"line":10,"column":8},"end":{"line":23,"column":9}},"1":{"start":{"line":11,"column":27},"end":{"line":11,"column":68}},"2":{"start":{"line":12,"column":25},"end":{"line":12,"column":33}},"3":{"start":{"line":14,"column":28},"end":{"line":14,"column":63}},"4":{"start":{"line":15,"column":12},"end":{"line":15,"column":63}},"5":{"start":{"line":17,"column":30},"end":{"line":17,"column":82}},"6":{"start":{"line":18,"column":12},"end":{"line":20,"column":14}},"7":{"start":{"line":22,"column":12},"end":{"line":22,"column":20}},"8":{"start":{"line":27,"column":8},"end":{"line":35,"column":9}},"9":{"start":{"line":28,"column":32},"end":{"line":28,"column":45}},"10":{"start":{"line":29,"column":30},"end":{"line":29,"column":73}},"11":{"start":{"line":30,"column":12},"end":{"line":32,"column":14}},"12":{"start":{"line":34,"column":12},"end":{"line":34,"column":20}},"13":{"start":{"line":39,"column":8},"end":{"line":57,"column":9}},"14":{"start":{"line":40,"column":25},"end":{"line":40,"column":70}},"15":{"start":{"line":41,"column":26},"end":{"line":41,"column":72}},"16":{"start":{"line":43,"column":31},"end":{"line":43,"column":73}},"17":{"start":{"line":44,"column":12},"end":{"line":54,"column":15}},"18":{"start":{"line":56,"column":12},"end":{"line":56,"column":20}},"19":{"start":{"line":61,"column":8},"end":{"line":74,"column":9}},"20":{"start":{"line":62,"column":27},"end":{"line":62,"column":68}},"21":{"start":{"line":63,"column":25},"end":{"line":63,"column":33}},"22":{"start":{"line":64,"column":28},"end":{"line":64,"column":63}},"23":{"start":{"line":65,"column":12},"end":{"line":65,"column":63}},"24":{"start":{"line":66,"column":32},"end":{"line":66,"column":45}},"25":{"start":{"line":68,"column":30},"end":{"line":68,"column":95}},"26":{"start":{"line":69,"column":12},"end":{"line":71,"column":14}},"27":{"start":{"line":73,"column":12},"end":{"line":73,"column":20}},"28":{"start":{"line":78,"column":8},"end":{"line":95,"column":9}},"29":{"start":{"line":79,"column":27},"end":{"line":79,"column":68}},"30":{"start":{"line":80,"column":29},"end":{"line":80,"column":71}},"31":{"start":{"line":83,"column":12},"end":{"line":87,"column":13}},"32":{"start":{"line":84,"column":16},"end":{"line":86,"column":18}},"33":{"start":{"line":89,"column":34},"end":{"line":89,"column":93}},"34":{"start":{"line":90,"column":12},"end":{"line":92,"column":14}},"35":{"start":{"line":94,"column":12},"end":{"line":94,"column":20}},"36":{"start":{"line":99,"column":8},"end":{"line":115,"column":9}},"37":{"start":{"line":100,"column":27},"end":{"line":100,"column":68}},"38":{"start":{"line":101,"column":29},"end":{"line":101,"column":71}},"39":{"start":{"line":102,"column":32},"end":{"line":102,"column":45}},"40":{"start":{"line":103,"column":34},"end":{"line":103,"column":104}},"41":{"start":{"line":104,"column":12},"end":{"line":108,"column":13}},"42":{"start":{"line":105,"column":16},"end":{"line":107,"column":18}},"43":{"start":{"line":110,"column":12},"end":{"line":112,"column":14}},"44":{"start":{"line":114,"column":12},"end":{"line":114,"column":20}},"45":{"start":{"line":119,"column":8},"end":{"line":134,"column":9}},"46":{"start":{"line":120,"column":27},"end":{"line":120,"column":68}},"47":{"start":{"line":121,"column":29},"end":{"line":121,"column":71}},"48":{"start":{"line":122,"column":32},"end":{"line":122,"column":45}},"49":{"start":{"line":123,"column":37},"end":{"line":123,"column":97}},"50":{"start":{"line":124,"column":12},"end":{"line":128,"column":13}},"51":{"start":{"line":125,"column":16},"end":{"line":127,"column":18}},"52":{"start":{"line":129,"column":12},"end":{"line":131,"column":14}},"53":{"start":{"line":133,"column":12},"end":{"line":133,"column":20}}},"fnMap":{"0":{"name":"(anonymous_0)","decl":{"start":{"line":9,"column":4},"end":{"line":9,"column":5}},"loc":{"start":{"line":9,"column":79},"end":{"line":24,"column":5}},"line":9},"1":{"name":"(anonymous_1)","decl":{"start":{"line":26,"column":4},"end":{"line":26,"column":5}},"loc":{"start":{"line":26,"column":80},"end":{"line":36,"column":5}},"line":26},"2":{"name":"(anonymous_2)","decl":{"start":{"line":38,"column":4},"end":{"line":38,"column":5}},"loc":{"start":{"line":38,"column":79},"end":{"line":58,"column":5}},"line":38},"3":{"name":"(anonymous_3)","decl":{"start":{"line":60,"column":4},"end":{"line":60,"column":5}},"loc":{"start":{"line":60,"column":79},"end":{"line":75,"column":5}},"line":60},"4":{"name":"(anonymous_4)","decl":{"start":{"line":77,"column":4},"end":{"line":77,"column":5}},"loc":{"start":{"line":77,"column":91},"end":{"line":96,"column":5}},"line":77},"5":{"name":"(anonymous_5)","decl":{"start":{"line":98,"column":4},"end":{"line":98,"column":5}},"loc":{"start":{"line":98,"column":89},"end":{"line":116,"column":5}},"line":98},"6":{"name":"(anonymous_6)","decl":{"start":{"line":118,"column":4},"end":{"line":118,"column":5}},"loc":{"start":{"line":118,"column":79},"end":{"line":135,"column":5}},"line":118}},"branchMap":{"0":{"loc":{"start":{"line":40,"column":34},"end":{"line":40,"column":65}},"type":"binary-expr","locations":[{"start":{"line":40,"column":34},"end":{"line":40,"column":58}},{"start":{"line":40,"column":62},"end":{"line":40,"column":65}}],"line":40},"1":{"loc":{"start":{"line":41,"column":35},"end":{"line":41,"column":67}},"type":"binary-expr","locations":[{"start":{"line":41,"column":35},"end":{"line":41,"column":60}},{"start":{"line":41,"column":64},"end":{"line":41,"column":67}}],"line":41},"2":{"loc":{"start":{"line":83,"column":12},"end":{"line":87,"column":13}},"type":"if","locations":[{"start":{"line":83,"column":12},"end":{"line":87,"column":13}},{"start":{},"end":{}}],"line":83},"3":{"loc":{"start":{"line":104,"column":12},"end":{"line":108,"column":13}},"type":"if","locations":[{"start":{"line":104,"column":12},"end":{"line":108,"column":13}},{"start":{},"end":{}}],"line":104},"4":{"loc":{"start":{"line":124,"column":12},"end":{"line":128,"column":13}},"type":"if","locations":[{"start":{"line":124,"column":12},"end":{"line":128,"column":13}},{"start":{},"end":{}}],"line":124}},"s":{"0":0,"1":0,"2":0,"3":0,"4":0,"5":0,"6":0,"7":0,"8":0,"9":0,"10":0,"11":0,"12":0,"13":0,"14":0,"15":0,"16":0,"17":0,"18":0,"19":0,"20":0,"21":0,"22":0,"23":0,"24":0,"25":0,"26":0,"27":0,"28":0,"29":0,"30":0,"31":0,"32":0,"33":0,"34":0,"35":0,"36":0,"37":0,"38":0,"39":0,"40":0,"41":0,"42":0,"43":0,"44":0,"45":0,"46":0,"47":0,"48":0,"49":0,"50":0,"51":0,"52":0,"53":0},"f":{"0":0,"1":0,"2":0,"3":0,"4":0,"5":0,"6":0},"b":{"0":[0,0],"1":[0,0],"2":[0,0],"3":[0,0],"4":[0,0]},"_coverageSchema":"1a1c01bbd47fc00a2c39e90264f33305004495a9","hash":"3c66577fa98234d89d615f8c5821a8f75102f549"}
,"D:\\Productzilla Academy\\Latihan-Express\\backend\\src\\controllers\\statistics-controller.ts": {"path":"D:\\Productzilla Academy\\Latihan-Express\\backend\\src\\controllers\\statistics-controller.ts","statementMap":{"0":{"start":{"line":11,"column":4},"end":{"line":25,"column":5}},"1":{"start":{"line":12,"column":34},"end":{"line":12,"column":79}},"2":{"start":{"line":13,"column":6},"end":{"line":22,"column":10}},"3":{"start":{"line":24,"column":6},"end":{"line":24,"column":16}},"4":{"start":{"line":29,"column":4},"end":{"line":36,"column":5}},"5":{"start":{"line":30,"column":25},"end":{"line":30,"column":61}},"6":{"start":{"line":31,"column":6},"end":{"line":33,"column":78}},"7":{"start":{"line":35,"column":6},"end":{"line":35,"column":16}},"8":{"start":{"line":44,"column":4},"end":{"line":53,"column":5}},"9":{"start":{"line":45,"column":29},"end":{"line":45,"column":70}},"10":{"start":{"line":46,"column":6},"end":{"line":50,"column":10}},"11":{"start":{"line":52,"column":6},"end":{"line":52,"column":16}},"12":{"start":{"line":61,"column":4},"end":{"line":76,"column":5}},"13":{"start":{"line":63,"column":8},"end":{"line":63,"column":59}},"14":{"start":{"line":64,"column":6},"end":{"line":73,"column":10}},"15":{"start":{"line":75,"column":6},"end":{"line":75,"column":16}},"16":{"start":{"line":84,"column":4},"end":{"line":99,"column":5}},"17":{"start":{"line":86,"column":8},"end":{"line":86,"column":59}},"18":{"start":{"line":87,"column":6},"end":{"line":96,"column":10}},"19":{"start":{"line":98,"column":6},"end":{"line":98,"column":16}},"20":{"start":{"line":107,"column":4},"end":{"line":122,"column":5}},"21":{"start":{"line":109,"column":8},"end":{"line":109,"column":60}},"22":{"start":{"line":110,"column":6},"end":{"line":119,"column":10}},"23":{"start":{"line":121,"column":6},"end":{"line":121,"column":16}},"24":{"start":{"line":126,"column":4},"end":{"line":135,"column":5}},"25":{"start":{"line":127,"column":28},"end":{"line":127,"column":67}},"26":{"start":{"line":128,"column":6},"end":{"line":132,"column":10}},"27":{"start":{"line":134,"column":6},"end":{"line":134,"column":16}}},"fnMap":{"0":{"name":"(anonymous_0)","decl":{"start":{"line":6,"column":2},"end":{"line":6,"column":3}},"loc":{"start":{"line":10,"column":4},"end":{"line":26,"column":3}},"line":10},"1":{"name":"(anonymous_1)","decl":{"start":{"line":28,"column":2},"end":{"line":28,"column":3}},"loc":{"start":{"line":28,"column":75},"end":{"line":37,"column":3}},"line":28},"2":{"name":"(anonymous_2)","decl":{"start":{"line":39,"column":2},"end":{"line":39,"column":3}},"loc":{"start":{"line":43,"column":4},"end":{"line":54,"column":3}},"line":43},"3":{"name":"(anonymous_3)","decl":{"start":{"line":56,"column":2},"end":{"line":56,"column":3}},"loc":{"start":{"line":60,"column":4},"end":{"line":77,"column":3}},"line":60},"4":{"name":"(anonymous_4)","decl":{"start":{"line":79,"column":2},"end":{"line":79,"column":3}},"loc":{"start":{"line":83,"column":4},"end":{"line":100,"column":3}},"line":83},"5":{"name":"(anonymous_5)","decl":{"start":{"line":102,"column":2},"end":{"line":102,"column":3}},"loc":{"start":{"line":106,"column":4},"end":{"line":123,"column":3}},"line":106},"6":{"name":"(anonymous_6)","decl":{"start":{"line":125,"column":2},"end":{"line":125,"column":3}},"loc":{"start":{"line":125,"column":78},"end":{"line":136,"column":3}},"line":125}},"branchMap":{},"s":{"0":0,"1":0,"2":0,"3":0,"4":0,"5":0,"6":0,"7":0,"8":0,"9":0,"10":0,"11":0,"12":0,"13":0,"14":0,"15":0,"16":0,"17":0,"18":0,"19":0,"20":0,"21":0,"22":0,"23":0,"24":0,"25":0,"26":0,"27":0},"f":{"0":0,"1":0,"2":0,"3":0,"4":0,"5":0,"6":0},"b":{},"_coverageSchema":"1a1c01bbd47fc00a2c39e90264f33305004495a9","hash":"55543cff7b6bed95ef845eda7568d8dd150c13ff"}
,"D:\\Productzilla Academy\\Latihan-Express\\backend\\src\\controllers\\user-controller.ts": {"path":"D:\\Productzilla Academy\\Latihan-Express\\backend\\src\\controllers\\user-controller.ts","statementMap":{"0":{"start":{"line":10,"column":8},"end":{"line":24,"column":9}},"1":{"start":{"line":12,"column":28},"end":{"line":12,"column":59}},"2":{"start":{"line":15,"column":25},"end":{"line":15,"column":60}},"3":{"start":{"line":17,"column":12},"end":{"line":19,"column":14}},"4":{"start":{"line":23,"column":12},"end":{"line":23,"column":24}},"5":{"start":{"line":28,"column":8},"end":{"line":39,"column":9}},"6":{"start":{"line":29,"column":28},"end":{"line":29,"column":56}},"7":{"start":{"line":32,"column":25},"end":{"line":32,"column":57}},"8":{"start":{"line":33,"column":12},"end":{"line":35,"column":14}},"9":{"start":{"line":38,"column":12},"end":{"line":38,"column":24}},"10":{"start":{"line":43,"column":8},"end":{"line":53,"column":9}},"11":{"start":{"line":44,"column":12},"end":{"line":46,"column":15}},"12":{"start":{"line":45,"column":16},"end":{"line":45,"column":35}},"13":{"start":{"line":45,"column":25},"end":{"line":45,"column":35}},"14":{"start":{"line":48,"column":12},"end":{"line":50,"column":14}},"15":{"start":{"line":52,"column":12},"end":{"line":52,"column":22}},"16":{"start":{"line":57,"column":8},"end":{"line":70,"column":9}},"17":{"start":{"line":58,"column":28},"end":{"line":58,"column":57}},"18":{"start":{"line":59,"column":27},"end":{"line":59,"column":68}},"19":{"start":{"line":60,"column":25},"end":{"line":60,"column":33}},"20":{"start":{"line":63,"column":25},"end":{"line":63,"column":72}},"21":{"start":{"line":64,"column":12},"end":{"line":66,"column":14}},"22":{"start":{"line":69,"column":12},"end":{"line":69,"column":24}},"23":{"start":{"line":74,"column":8},"end":{"line":84,"column":9}},"24":{"start":{"line":75,"column":27},"end":{"line":75,"column":68}},"25":{"start":{"line":77,"column":25},"end":{"line":77,"column":58}},"26":{"start":{"line":78,"column":12},"end":{"line":80,"column":14}},"27":{"start":{"line":83,"column":12},"end":{"line":83,"column":24}},"28":{"start":{"line":88,"column":8},"end":{"line":108,"column":9}},"29":{"start":{"line":89,"column":25},"end":{"line":89,"column":70}},"30":{"start":{"line":90,"column":26},"end":{"line":90,"column":72}},"31":{"start":{"line":92,"column":33},"end":{"line":92,"column":68}},"32":{"start":{"line":93,"column":26},"end":{"line":93,"column":81}},"33":{"start":{"line":95,"column":12},"end":{"line":105,"column":15}},"34":{"start":{"line":107,"column":12},"end":{"line":107,"column":24}},"35":{"start":{"line":112,"column":8},"end":{"line":122,"column":9}},"36":{"start":{"line":113,"column":27},"end":{"line":113,"column":40}},"37":{"start":{"line":114,"column":33},"end":{"line":114,"column":68}},"38":{"start":{"line":116,"column":25},"end":{"line":116,"column":74}},"39":{"start":{"line":117,"column":12},"end":{"line":119,"column":14}},"40":{"start":{"line":121,"column":12},"end":{"line":121,"column":24}},"41":{"start":{"line":126,"column":8},"end":{"line":135,"column":9}},"42":{"start":{"line":127,"column":27},"end":{"line":127,"column":68}},"43":{"start":{"line":128,"column":31},"end":{"line":128,"column":78}},"44":{"start":{"line":130,"column":12},"end":{"line":132,"column":14}},"45":{"start":{"line":134,"column":12},"end":{"line":134,"column":20}},"46":{"start":{"line":139,"column":8},"end":{"line":149,"column":9}},"47":{"start":{"line":140,"column":27},"end":{"line":140,"column":40}},"48":{"start":{"line":141,"column":32},"end":{"line":141,"column":67}},"49":{"start":{"line":142,"column":32},"end":{"line":142,"column":77}},"50":{"start":{"line":144,"column":12},"end":{"line":146,"column":14}},"51":{"start":{"line":148,"column":12},"end":{"line":148,"column":20}}},"fnMap":{"0":{"name":"(anonymous_0)","decl":{"start":{"line":9,"column":4},"end":{"line":9,"column":5}},"loc":{"start":{"line":9,"column":90},"end":{"line":25,"column":5}},"line":9},"1":{"name":"(anonymous_1)","decl":{"start":{"line":27,"column":4},"end":{"line":27,"column":5}},"loc":{"start":{"line":27,"column":87},"end":{"line":40,"column":5}},"line":27},"2":{"name":"(anonymous_2)","decl":{"start":{"line":42,"column":4},"end":{"line":42,"column":5}},"loc":{"start":{"line":42,"column":94},"end":{"line":54,"column":5}},"line":42},"3":{"name":"(anonymous_3)","decl":{"start":{"line":44,"column":32},"end":{"line":44,"column":33}},"loc":{"start":{"line":44,"column":41},"end":{"line":46,"column":13}},"line":44},"4":{"name":"(anonymous_4)","decl":{"start":{"line":56,"column":4},"end":{"line":56,"column":5}},"loc":{"start":{"line":56,"column":94},"end":{"line":71,"column":5}},"line":56},"5":{"name":"(anonymous_5)","decl":{"start":{"line":73,"column":4},"end":{"line":73,"column":5}},"loc":{"start":{"line":73,"column":98},"end":{"line":85,"column":5}},"line":73},"6":{"name":"(anonymous_6)","decl":{"start":{"line":87,"column":4},"end":{"line":87,"column":5}},"loc":{"start":{"line":87,"column":94},"end":{"line":109,"column":5}},"line":87},"7":{"name":"(anonymous_7)","decl":{"start":{"line":111,"column":4},"end":{"line":111,"column":5}},"loc":{"start":{"line":111,"column":101},"end":{"line":123,"column":5}},"line":111},"8":{"name":"(anonymous_8)","decl":{"start":{"line":125,"column":4},"end":{"line":125,"column":5}},"loc":{"start":{"line":125,"column":94},"end":{"line":136,"column":5}},"line":125},"9":{"name":"(anonymous_9)","decl":{"start":{"line":138,"column":4},"end":{"line":138,"column":5}},"loc":{"start":{"line":138,"column":79},"end":{"line":150,"column":5}},"line":138}},"branchMap":{"0":{"loc":{"start":{"line":45,"column":16},"end":{"line":45,"column":35}},"type":"if","locations":[{"start":{"line":45,"column":16},"end":{"line":45,"column":35}},{"start":{},"end":{}}],"line":45},"1":{"loc":{"start":{"line":89,"column":34},"end":{"line":89,"column":65}},"type":"binary-expr","locations":[{"start":{"line":89,"column":34},"end":{"line":89,"column":58}},{"start":{"line":89,"column":62},"end":{"line":89,"column":65}}],"line":89},"2":{"loc":{"start":{"line":90,"column":35},"end":{"line":90,"column":67}},"type":"binary-expr","locations":[{"start":{"line":90,"column":35},"end":{"line":90,"column":60}},{"start":{"line":90,"column":64},"end":{"line":90,"column":67}}],"line":90}},"s":{"0":2,"1":2,"2":2,"3":1,"4":1,"5":3,"6":3,"7":3,"8":1,"9":2,"10":0,"11":0,"12":0,"13":0,"14":0,"15":0,"16":0,"17":0,"18":0,"19":0,"20":0,"21":0,"22":0,"23":0,"24":0,"25":0,"26":0,"27":0,"28":0,"29":0,"30":0,"31":0,"32":0,"33":0,"34":0,"35":0,"36":0,"37":0,"38":0,"39":0,"40":0,"41":0,"42":0,"43":0,"44":0,"45":0,"46":0,"47":0,"48":0,"49":0,"50":0,"51":0},"f":{"0":2,"1":3,"2":0,"3":0,"4":0,"5":0,"6":0,"7":0,"8":0,"9":0},"b":{"0":[0,0],"1":[0,0],"2":[0,0]},"_coverageSchema":"1a1c01bbd47fc00a2c39e90264f33305004495a9","hash":"b2b65957b9ed2e3330590e9608f600d32a22d9d0"}
,"D:\\Productzilla Academy\\Latihan-Express\\backend\\src\\formatters\\admin-feedback-formatter.ts": {"path":"D:\\Productzilla Academy\\Latihan-Express\\backend\\src\\formatters\\admin-feedback-formatter.ts","statementMap":{"0":{"start":{"line":27,"column":4},"end":{"line":38,"column":5}}},"fnMap":{"0":{"name":"toAdminFeedbackResponse","decl":{"start":{"line":26,"column":16},"end":{"line":26,"column":39}},"loc":{"start":{"line":26,"column":95},"end":{"line":39,"column":1}},"line":26}},"branchMap":{},"s":{"0":0},"f":{"0":0},"b":{},"_coverageSchema":"1a1c01bbd47fc00a2c39e90264f33305004495a9","hash":"e4bf59770d6ef926a6de81e284a0570de7ca2061"}
,"D:\\Productzilla Academy\\Latihan-Express\\backend\\src\\formatters\\api-response.ts": {"path":"D:\\Productzilla Academy\\Latihan-Express\\backend\\src\\formatters\\api-response.ts","statementMap":{"0":{"start":{"line":9,"column":4},"end":{"line":14,"column":5}}},"fnMap":{"0":{"name":"toAPIResponse","decl":{"start":{"line":8,"column":16},"end":{"line":8,"column":29}},"loc":{"start":{"line":8,"column":101},"end":{"line":15,"column":1}},"line":8}},"branchMap":{},"s":{"0":2},"f":{"0":2},"b":{},"_coverageSchema":"1a1c01bbd47fc00a2c39e90264f33305004495a9","hash":"5c15ec6a84723375d0a368c63d1ffd1ee947a383"}
,"D:\\Productzilla Academy\\Latihan-Express\\backend\\src\\formatters\\complaint-formatter.ts": {"path":"D:\\Productzilla Academy\\Latihan-Express\\backend\\src\\formatters\\complaint-formatter.ts","statementMap":{"0":{"start":{"line":40,"column":4},"end":{"line":45,"column":5}},"1":{"start":{"line":49,"column":62},"end":{"line":49,"column":64}},"2":{"start":{"line":50,"column":4},"end":{"line":52,"column":5}},"3":{"start":{"line":51,"column":8},"end":{"line":51,"column":79}},"4":{"start":{"line":53,"column":4},"end":{"line":53,"column":35}},"5":{"start":{"line":57,"column":4},"end":{"line":70,"column":5}},"6":{"start":{"line":74,"column":52},"end":{"line":74,"column":54}},"7":{"start":{"line":76,"column":4},"end":{"line":78,"column":7}},"8":{"start":{"line":77,"column":8},"end":{"line":77,"column":60}},"9":{"start":{"line":80,"column":4},"end":{"line":80,"column":30}}},"fnMap":{"0":{"name":"toTrackingStatusResponse","decl":{"start":{"line":39,"column":16},"end":{"line":39,"column":40}},"loc":{"start":{"line":39,"column":86},"end":{"line":46,"column":1}},"line":39},"1":{"name":"toTrackingStatusResponses","decl":{"start":{"line":48,"column":16},"end":{"line":48,"column":41}},"loc":{"start":{"line":48,"column":91},"end":{"line":54,"column":1}},"line":48},"2":{"name":"toComplaintResponse","decl":{"start":{"line":56,"column":16},"end":{"line":56,"column":35}},"loc":{"start":{"line":56,"column":71},"end":{"line":71,"column":1}},"line":56},"3":{"name":"toComplaintResponses","decl":{"start":{"line":73,"column":16},"end":{"line":73,"column":36}},"loc":{"start":{"line":73,"column":84},"end":{"line":81,"column":1}},"line":73},"4":{"name":"(anonymous_4)","decl":{"start":{"line":76,"column":23},"end":{"line":76,"column":24}},"loc":{"start":{"line":76,"column":41},"end":{"line":78,"column":5}},"line":76}},"branchMap":{},"s":{"0":0,"1":0,"2":0,"3":0,"4":0,"5":0,"6":0,"7":0,"8":0,"9":0},"f":{"0":0,"1":0,"2":0,"3":0,"4":0},"b":{},"_coverageSchema":"1a1c01bbd47fc00a2c39e90264f33305004495a9","hash":"93ea01650be8047e3e8d4c2eed05e39b0188a2d4"}
,"D:\\Productzilla Academy\\Latihan-Express\\backend\\src\\formatters\\statistics-formatter.ts": {"path":"D:\\Productzilla Academy\\Latihan-Express\\backend\\src\\formatters\\statistics-formatter.ts","statementMap":{"0":{"start":{"line":9,"column":4},"end":{"line":12,"column":5}},"1":{"start":{"line":16,"column":50},"end":{"line":16,"column":52}},"2":{"start":{"line":17,"column":4},"end":{"line":19,"column":5}},"3":{"start":{"line":18,"column":8},"end":{"line":18,"column":61}},"4":{"start":{"line":20,"column":4},"end":{"line":20,"column":29}}},"fnMap":{"0":{"name":"toCategoryResponse","decl":{"start":{"line":8,"column":9},"end":{"line":8,"column":27}},"loc":{"start":{"line":8,"column":67},"end":{"line":13,"column":1}},"line":8},"1":{"name":"toCategoryResponses","decl":{"start":{"line":15,"column":16},"end":{"line":15,"column":35}},"loc":{"start":{"line":15,"column":81},"end":{"line":21,"column":1}},"line":15}},"branchMap":{},"s":{"0":0,"1":0,"2":0,"3":0,"4":0},"f":{"0":0,"1":0},"b":{},"_coverageSchema":"1a1c01bbd47fc00a2c39e90264f33305004495a9","hash":"21ce33f77deb58ffd1f54ea1429d92f65710141a"}
,"D:\\Productzilla Academy\\Latihan-Express\\backend\\src\\formatters\\user-formatter.ts": {"path":"D:\\Productzilla Academy\\Latihan-Express\\backend\\src\\formatters\\user-formatter.ts","statementMap":{"0":{"start":{"line":44,"column":4},"end":{"line":52,"column":5}}},"fnMap":{"0":{"name":"toUserResponse","decl":{"start":{"line":43,"column":16},"end":{"line":43,"column":30}},"loc":{"start":{"line":43,"column":58},"end":{"line":53,"column":1}},"line":43}},"branchMap":{"0":{"loc":{"start":{"line":49,"column":17},"end":{"line":49,"column":42}},"type":"binary-expr","locations":[{"start":{"line":49,"column":17},"end":{"line":49,"column":29}},{"start":{"line":49,"column":33},"end":{"line":49,"column":42}}],"line":49}},"s":{"0":3},"f":{"0":3},"b":{"0":[3,3]},"_coverageSchema":"1a1c01bbd47fc00a2c39e90264f33305004495a9","hash":"62040cf24ecfedd4fcdc0ed418a0d9876473ac6f"}
,"D:\\Productzilla Academy\\Latihan-Express\\backend\\src\\formatters\\validation-formatter.ts": {"path":"D:\\Productzilla Academy\\Latihan-Express\\backend\\src\\formatters\\validation-formatter.ts","statementMap":{"0":{"start":{"line":4,"column":35},"end":{"line":4,"column":37}},"1":{"start":{"line":5,"column":4},"end":{"line":11,"column":7}},"2":{"start":{"line":6,"column":28},"end":{"line":6,"column":50}},"3":{"start":{"line":7,"column":22},"end":{"line":7,"column":49}},"4":{"start":{"line":8,"column":24},"end":{"line":8,"column":43}},"5":{"start":{"line":10,"column":8},"end":{"line":10,"column":50}},"6":{"start":{"line":13,"column":4},"end":{"line":13,"column":24}}},"fnMap":{"0":{"name":"validationErrorFormatter","decl":{"start":{"line":3,"column":16},"end":{"line":3,"column":40}},"loc":{"start":{"line":3,"column":61},"end":{"line":14,"column":1}},"line":3},"1":{"name":"(anonymous_1)","decl":{"start":{"line":5,"column":28},"end":{"line":5,"column":29}},"loc":{"start":{"line":5,"column":46},"end":{"line":11,"column":5}},"line":5}},"branchMap":{},"s":{"0":2,"1":2,"2":3,"3":3,"4":3,"5":3,"6":2},"f":{"0":2,"1":3},"b":{},"_coverageSchema":"1a1c01bbd47fc00a2c39e90264f33305004495a9","hash":"f91a3509b38085baa339c2d4bbfe4b51cae89251"}
,"D:\\Productzilla Academy\\Latihan-Express\\backend\\src\\middlewares\\auth-middleware.ts": {"path":"D:\\Productzilla Academy\\Latihan-Express\\backend\\src\\middlewares\\auth-middleware.ts","statementMap":{"0":{"start":{"line":7,"column":30},"end":{"line":28,"column":1}},"1":{"start":{"line":8,"column":23},"end":{"line":8,"column":48}},"2":{"start":{"line":9,"column":4},"end":{"line":11,"column":5}},"3":{"start":{"line":10,"column":8},"end":{"line":10,"column":99}},"4":{"start":{"line":13,"column":18},"end":{"line":13,"column":42}},"5":{"start":{"line":14,"column":4},"end":{"line":27,"column":5}},"6":{"start":{"line":15,"column":8},"end":{"line":26,"column":11}},"7":{"start":{"line":16,"column":12},"end":{"line":23,"column":13}},"8":{"start":{"line":17,"column":16},"end":{"line":21,"column":17}},"9":{"start":{"line":18,"column":20},"end":{"line":18,"column":85}},"10":{"start":{"line":19,"column":23},"end":{"line":21,"column":17}},"11":{"start":{"line":20,"column":20},"end":{"line":20,"column":85}},"12":{"start":{"line":22,"column":16},"end":{"line":22,"column":93}},"13":{"start":{"line":24,"column":12},"end":{"line":24,"column":39}},"14":{"start":{"line":25,"column":12},"end":{"line":25,"column":19}}},"fnMap":{"0":{"name":"(anonymous_0)","decl":{"start":{"line":7,"column":30},"end":{"line":7,"column":31}},"loc":{"start":{"line":7,"column":89},"end":{"line":28,"column":1}},"line":7},"1":{"name":"(anonymous_1)","decl":{"start":{"line":15,"column":48},"end":{"line":15,"column":49}},"loc":{"start":{"line":15,"column":66},"end":{"line":26,"column":9}},"line":15}},"branchMap":{"0":{"loc":{"start":{"line":9,"column":4},"end":{"line":11,"column":5}},"type":"if","locations":[{"start":{"line":9,"column":4},"end":{"line":11,"column":5}},{"start":{},"end":{}}],"line":9},"1":{"loc":{"start":{"line":9,"column":8},"end":{"line":9,"column":56}},"type":"binary-expr","locations":[{"start":{"line":9,"column":8},"end":{"line":9,"column":19}},{"start":{"line":9,"column":23},"end":{"line":9,"column":56}}],"line":9},"2":{"loc":{"start":{"line":14,"column":4},"end":{"line":27,"column":5}},"type":"if","locations":[{"start":{"line":14,"column":4},"end":{"line":27,"column":5}},{"start":{},"end":{}}],"line":14},"3":{"loc":{"start":{"line":16,"column":12},"end":{"line":23,"column":13}},"type":"if","locations":[{"start":{"line":16,"column":12},"end":{"line":23,"column":13}},{"start":{},"end":{}}],"line":16},"4":{"loc":{"start":{"line":17,"column":16},"end":{"line":21,"column":17}},"type":"if","locations":[{"start":{"line":17,"column":16},"end":{"line":21,"column":17}},{"start":{"line":19,"column":23},"end":{"line":21,"column":17}}],"line":17},"5":{"loc":{"start":{"line":19,"column":23},"end":{"line":21,"column":17}},"type":"if","locations":[{"start":{"line":19,"column":23},"end":{"line":21,"column":17}},{"start":{},"end":{}}],"line":19}},"s":{"0":2,"1":7,"2":7,"3":7,"4":0,"5":0,"6":0,"7":0,"8":0,"9":0,"10":0,"11":0,"12":0,"13":0,"14":0},"f":{"0":7,"1":0},"b":{"0":[7,0],"1":[7,0],"2":[0,0],"3":[0,0],"4":[0,0],"5":[0,0]},"_coverageSchema":"1a1c01bbd47fc00a2c39e90264f33305004495a9","hash":"6c471a92b0ccddc02ccbcbe22b00e6e7751417d9"}
,"D:\\Productzilla Academy\\Latihan-Express\\backend\\src\\middlewares\\error-middleware.ts": {"path":"D:\\Productzilla Academy\\Latihan-Express\\backend\\src\\middlewares\\error-middleware.ts","statementMap":{"0":{"start":{"line":7,"column":4},"end":{"line":33,"column":5}},"1":{"start":{"line":8,"column":8},"end":{"line":12,"column":11}},"2":{"start":{"line":13,"column":11},"end":{"line":33,"column":5}},"3":{"start":{"line":14,"column":8},"end":{"line":18,"column":11}},"4":{"start":{"line":19,"column":11},"end":{"line":33,"column":5}},"5":{"start":{"line":20,"column":32},"end":{"line":20,"column":60}},"6":{"start":{"line":21,"column":8},"end":{"line":25,"column":11}},"7":{"start":{"line":27,"column":8},"end":{"line":27,"column":27}},"8":{"start":{"line":28,"column":8},"end":{"line":32,"column":11}}},"fnMap":{"0":{"name":"ErrorMiddleware","decl":{"start":{"line":6,"column":22},"end":{"line":6,"column":37}},"loc":{"start":{"line":6,"column":112},"end":{"line":34,"column":1}},"line":6}},"branchMap":{"0":{"loc":{"start":{"line":7,"column":4},"end":{"line":33,"column":5}},"type":"if","locations":[{"start":{"line":7,"column":4},"end":{"line":33,"column":5}},{"start":{"line":13,"column":11},"end":{"line":33,"column":5}}],"line":7},"1":{"loc":{"start":{"line":13,"column":11},"end":{"line":33,"column":5}},"type":"if","locations":[{"start":{"line":13,"column":11},"end":{"line":33,"column":5}},{"start":{"line":19,"column":11},"end":{"line":33,"column":5}}],"line":13},"2":{"loc":{"start":{"line":19,"column":11},"end":{"line":33,"column":5}},"type":"if","locations":[{"start":{"line":19,"column":11},"end":{"line":33,"column":5}},{"start":{"line":26,"column":11},"end":{"line":33,"column":5}}],"line":19}},"s":{"0":10,"1":2,"2":8,"3":8,"4":0,"5":0,"6":0,"7":0,"8":0},"f":{"0":10},"b":{"0":[2,8],"1":[8,0],"2":[0,0]},"_coverageSchema":"1a1c01bbd47fc00a2c39e90264f33305004495a9","hash":"d6644e84e73c67a70f7d80af5aa648e15de507ed"}
,"D:\\Productzilla Academy\\Latihan-Express\\backend\\src\\models\\AdminFeedback.ts": {"path":"D:\\Productzilla Academy\\Latihan-Express\\backend\\src\\models\\AdminFeedback.ts","statementMap":{"0":{"start":{"line":12,"column":28},"end":{"line":18,"column":22}},"1":{"start":{"line":20,"column":29},"end":{"line":20,"column":88}}},"fnMap":{},"branchMap":{},"s":{"0":3,"1":3},"f":{},"b":{},"_coverageSchema":"1a1c01bbd47fc00a2c39e90264f33305004495a9","hash":"9a651e769d92b958f7be9f29dde059c5d18e1f46"}
,"D:\\Productzilla Academy\\Latihan-Express\\backend\\src\\models\\Category.ts": {"path":"D:\\Productzilla Academy\\Latihan-Express\\backend\\src\\models\\Category.ts","statementMap":{"0":{"start":{"line":8,"column":23},"end":{"line":10,"column":22}},"1":{"start":{"line":12,"column":24},"end":{"line":12,"column":68}}},"fnMap":{},"branchMap":{},"s":{"0":3,"1":3},"f":{},"b":{},"_coverageSchema":"1a1c01bbd47fc00a2c39e90264f33305004495a9","hash":"5449e168653aa1513599c4ba62807243b412e088"}
,"D:\\Productzilla Academy\\Latihan-Express\\backend\\src\\models\\Complaint.ts": {"path":"D:\\Productzilla Academy\\Latihan-Express\\backend\\src\\models\\Complaint.ts","statementMap":{"0":{"start":{"line":20,"column":24},"end":{"line":36,"column":7}},"1":{"start":{"line":38,"column":25},"end":{"line":38,"column":72}}},"fnMap":{},"branchMap":{},"s":{"0":4,"1":4},"f":{},"b":{},"_coverageSchema":"1a1c01bbd47fc00a2c39e90264f33305004495a9","hash":"8d3ce67b2cc17a0ddfe9bad77210b258c59e8088"}
,"D:\\Productzilla Academy\\Latihan-Express\\backend\\src\\models\\TrackingStatus.ts": {"path":"D:\\Productzilla Academy\\Latihan-Express\\backend\\src\\models\\TrackingStatus.ts","statementMap":{"0":{"start":{"line":11,"column":29},"end":{"line":18,"column":1}},"1":{"start":{"line":20,"column":30},"end":{"line":20,"column":92}}},"fnMap":{},"branchMap":{},"s":{"0":3,"1":3},"f":{},"b":{},"_coverageSchema":"1a1c01bbd47fc00a2c39e90264f33305004495a9","hash":"82fc8edc4746a4350281b97c686f42e1011a5cba"}
,"D:\\Productzilla Academy\\Latihan-Express\\backend\\src\\models\\User.ts": {"path":"D:\\Productzilla Academy\\Latihan-Express\\backend\\src\\models\\User.ts","statementMap":{"0":{"start":{"line":13,"column":34},"end":{"line":25,"column":1}},"1":{"start":{"line":27,"column":13},"end":{"line":27,"column":54}}},"fnMap":{},"branchMap":{},"s":{"0":4,"1":4},"f":{},"b":{},"_coverageSchema":"1a1c01bbd47fc00a2c39e90264f33305004495a9","hash":"819a21278e89014d2010eba5531af5f4bbb81e9c"}
,"D:\\Productzilla Academy\\Latihan-Express\\backend\\src\\routes\\admin-feedback-routes.ts": {"path":"D:\\Productzilla Academy\\Latihan-Express\\backend\\src\\routes\\admin-feedback-routes.ts","statementMap":{"0":{"start":{"line":6,"column":35},"end":{"line":6,"column":51}},"1":{"start":{"line":7,"column":15},"end":{"line":7,"column":58}},"2":{"start":{"line":9,"column":0},"end":{"line":9,"column":69}},"3":{"start":{"line":11,"column":0},"end":{"line":11,"column":40}},"4":{"start":{"line":12,"column":0},"end":{"line":12,"column":61}},"5":{"start":{"line":13,"column":0},"end":{"line":13,"column":103}},"6":{"start":{"line":14,"column":0},"end":{"line":14,"column":95}},"7":{"start":{"line":15,"column":0},"end":{"line":15,"column":118}}},"fnMap":{},"branchMap":{},"s":{"0":2,"1":2,"2":2,"3":2,"4":2,"5":2,"6":2,"7":2},"f":{},"b":{},"_coverageSchema":"1a1c01bbd47fc00a2c39e90264f33305004495a9","hash":"6242db1251c52ee1e20262ccd11ecec34b29d2cb"}
,"D:\\Productzilla Academy\\Latihan-Express\\backend\\src\\routes\\category-routes.ts": {"path":"D:\\Productzilla Academy\\Latihan-Express\\backend\\src\\routes\\category-routes.ts","statementMap":{"0":{"start":{"line":5,"column":15},"end":{"line":5,"column":23}},"1":{"start":{"line":7,"column":0},"end":{"line":7,"column":68}},"2":{"start":{"line":8,"column":0},"end":{"line":8,"column":69}},"3":{"start":{"line":9,"column":0},"end":{"line":9,"column":71}},"4":{"start":{"line":10,"column":0},"end":{"line":10,"column":70}},"5":{"start":{"line":11,"column":0},"end":{"line":11,"column":73}}},"fnMap":{},"branchMap":{},"s":{"0":2,"1":2,"2":2,"3":2,"4":2,"5":2},"f":{},"b":{},"_coverageSchema":"1a1c01bbd47fc00a2c39e90264f33305004495a9","hash":"8031792bbc0033e79457c05114691d91632a0e4a"}
,"D:\\Productzilla Academy\\Latihan-Express\\backend\\src\\routes\\complaint-routes.ts": {"path":"D:\\Productzilla Academy\\Latihan-Express\\backend\\src\\routes\\complaint-routes.ts","statementMap":{"0":{"start":{"line":6,"column":31},"end":{"line":6,"column":47}},"1":{"start":{"line":7,"column":15},"end":{"line":7,"column":58}},"2":{"start":{"line":9,"column":0},"end":{"line":9,"column":57}},"3":{"start":{"line":10,"column":0},"end":{"line":10,"column":53}},"4":{"start":{"line":12,"column":0},"end":{"line":12,"column":36}},"5":{"start":{"line":13,"column":0},"end":{"line":13,"column":107}},"6":{"start":{"line":14,"column":0},"end":{"line":14,"column":107}},"7":{"start":{"line":15,"column":0},"end":{"line":15,"column":105}},"8":{"start":{"line":16,"column":0},"end":{"line":16,"column":85}},"9":{"start":{"line":17,"column":0},"end":{"line":17,"column":111}}},"fnMap":{},"branchMap":{},"s":{"0":2,"1":2,"2":2,"3":2,"4":2,"5":2,"6":2,"7":2,"8":2,"9":2},"f":{},"b":{},"_coverageSchema":"1a1c01bbd47fc00a2c39e90264f33305004495a9","hash":"b32db4c2b2d60d2d1032e9bd5f0ae86e130e2554"}
,"D:\\Productzilla Academy\\Latihan-Express\\backend\\src\\routes\\statictics-routes.ts": {"path":"D:\\Productzilla Academy\\Latihan-Express\\backend\\src\\routes\\statictics-routes.ts","statementMap":{"0":{"start":{"line":4,"column":32},"end":{"line":4,"column":48}},"1":{"start":{"line":6,"column":0},"end":{"line":9,"column":2}},"2":{"start":{"line":10,"column":0},"end":{"line":10,"column":64}},"3":{"start":{"line":11,"column":0},"end":{"line":11,"column":71}},"4":{"start":{"line":12,"column":0},"end":{"line":12,"column":74}},"5":{"start":{"line":13,"column":0},"end":{"line":16,"column":2}},"6":{"start":{"line":17,"column":0},"end":{"line":20,"column":2}},"7":{"start":{"line":21,"column":0},"end":{"line":24,"column":2}}},"fnMap":{},"branchMap":{},"s":{"0":2,"1":2,"2":2,"3":2,"4":2,"5":2,"6":2,"7":2},"f":{},"b":{},"_coverageSchema":"1a1c01bbd47fc00a2c39e90264f33305004495a9","hash":"e92ecdef72ae62345c2d180bfe06d0bac99013de"}
,"D:\\Productzilla Academy\\Latihan-Express\\backend\\src\\routes\\user-routes.ts": {"path":"D:\\Productzilla Academy\\Latihan-Express\\backend\\src\\routes\\user-routes.ts","statementMap":{"0":{"start":{"line":6,"column":15},"end":{"line":6,"column":31}},"1":{"start":{"line":7,"column":15},"end":{"line":7,"column":58}},"2":{"start":{"line":10,"column":0},"end":{"line":10,"column":50}},"3":{"start":{"line":11,"column":0},"end":{"line":11,"column":44}},"4":{"start":{"line":12,"column":0},"end":{"line":12,"column":64}},"5":{"start":{"line":13,"column":0},"end":{"line":13,"column":87}},"6":{"start":{"line":14,"column":0},"end":{"line":14,"column":66}},"7":{"start":{"line":15,"column":0},"end":{"line":15,"column":80}},"8":{"start":{"line":18,"column":0},"end":{"line":18,"column":55}},"9":{"start":{"line":19,"column":0},"end":{"line":19,"column":61}},"10":{"start":{"line":20,"column":0},"end":{"line":20,"column":74}}},"fnMap":{},"branchMap":{},"s":{"0":2,"1":2,"2":2,"3":2,"4":2,"5":2,"6":2,"7":2,"8":2,"9":2,"10":2},"f":{},"b":{},"_coverageSchema":"1a1c01bbd47fc00a2c39e90264f33305004495a9","hash":"ae97d8ab6946b66f754742ffbe84cfa7415364dd"}
,"D:\\Productzilla Academy\\Latihan-Express\\backend\\src\\routes\\docs\\adminFeedback-paths.ts": {"path":"D:\\Productzilla Academy\\Latihan-Express\\backend\\src\\routes\\docs\\adminFeedback-paths.ts","statementMap":{"0":{"start":{"line":1,"column":27},"end":{"line":447,"column":1}}},"fnMap":{},"branchMap":{},"s":{"0":2},"f":{},"b":{},"_coverageSchema":"1a1c01bbd47fc00a2c39e90264f33305004495a9","hash":"cb0ab56f09a0c5ddceeec2c1bfbc064c676253a1"}
,"D:\\Productzilla Academy\\Latihan-Express\\backend\\src\\routes\\docs\\category-paths.ts": {"path":"D:\\Productzilla Academy\\Latihan-Express\\backend\\src\\routes\\docs\\category-paths.ts","statementMap":{"0":{"start":{"line":1,"column":22},"end":{"line":369,"column":1}}},"fnMap":{},"branchMap":{},"s":{"0":2},"f":{},"b":{},"_coverageSchema":"1a1c01bbd47fc00a2c39e90264f33305004495a9","hash":"ca67bbd321ba44b614d4ec8c0a89f147a49b8ea9"}
,"D:\\Productzilla Academy\\Latihan-Express\\backend\\src\\routes\\docs\\complaint-paths.ts": {"path":"D:\\Productzilla Academy\\Latihan-Express\\backend\\src\\routes\\docs\\complaint-paths.ts","statementMap":{"0":{"start":{"line":1,"column":23},"end":{"line":719,"column":1}}},"fnMap":{},"branchMap":{},"s":{"0":2},"f":{},"b":{},"_coverageSchema":"1a1c01bbd47fc00a2c39e90264f33305004495a9","hash":"9102686c49b54a9e3baa4cf9fac542800792b019"}
,"D:\\Productzilla Academy\\Latihan-Express\\backend\\src\\routes\\docs\\docs-route.ts": {"path":"D:\\Productzilla Academy\\Latihan-Express\\backend\\src\\routes\\docs\\docs-route.ts","statementMap":{"0":{"start":{"line":6,"column":42},"end":{"line":53,"column":1}},"1":{"start":{"line":55,"column":29},"end":{"line":58,"column":1}}},"fnMap":{},"branchMap":{},"s":{"0":2,"1":2},"f":{},"b":{},"_coverageSchema":"1a1c01bbd47fc00a2c39e90264f33305004495a9","hash":"ef291727a0f42096b6004e4130948f25be8ea49a"}
,"D:\\Productzilla Academy\\Latihan-Express\\backend\\src\\routes\\docs\\user-paths.ts": {"path":"D:\\Productzilla Academy\\Latihan-Express\\backend\\src\\routes\\docs\\user-paths.ts","statementMap":{"0":{"start":{"line":1,"column":18},"end":{"line":486,"column":1}}},"fnMap":{},"branchMap":{},"s":{"0":2},"f":{},"b":{},"_coverageSchema":"1a1c01bbd47fc00a2c39e90264f33305004495a9","hash":"7d09abdfa36179c6d5e9026fd1e64a4481980a0c"}
,"D:\\Productzilla Academy\\Latihan-Express\\backend\\src\\services\\admin-feedback-service.ts": {"path":"D:\\Productzilla Academy\\Latihan-Express\\backend\\src\\services\\admin-feedback-service.ts","statementMap":{"0":{"start":{"line":24,"column":25},"end":{"line":27,"column":5}},"1":{"start":{"line":28,"column":26},"end":{"line":28,"column":36}},"2":{"start":{"line":30,"column":4},"end":{"line":30,"column":66}},"3":{"start":{"line":31,"column":4},"end":{"line":31,"column":46}},"4":{"start":{"line":32,"column":22},"end":{"line":32,"column":71}},"5":{"start":{"line":35,"column":4},"end":{"line":39,"column":6}},"6":{"start":{"line":42,"column":4},"end":{"line":48,"column":5}},"7":{"start":{"line":43,"column":6},"end":{"line":47,"column":8}},"8":{"start":{"line":51,"column":4},"end":{"line":53,"column":5}},"9":{"start":{"line":52,"column":6},"end":{"line":52,"column":80}},"10":{"start":{"line":56,"column":22},"end":{"line":56,"column":68}},"11":{"start":{"line":57,"column":21},"end":{"line":61,"column":5}},"12":{"start":{"line":62,"column":4},"end":{"line":64,"column":5}},"13":{"start":{"line":63,"column":6},"end":{"line":63,"column":57}},"14":{"start":{"line":66,"column":4},"end":{"line":93,"column":5}},"15":{"start":{"line":68,"column":6},"end":{"line":68,"column":47}},"16":{"start":{"line":70,"column":6},"end":{"line":70,"column":78}},"17":{"start":{"line":71,"column":6},"end":{"line":71,"column":43}},"18":{"start":{"line":72,"column":28},"end":{"line":72,"column":72}},"19":{"start":{"line":75,"column":6},"end":{"line":75,"column":47}},"20":{"start":{"line":76,"column":6},"end":{"line":76,"column":51}},"21":{"start":{"line":77,"column":6},"end":{"line":77,"column":29}},"22":{"start":{"line":80,"column":6},"end":{"line":84,"column":16}},"23":{"start":{"line":86,"column":6},"end":{"line":86,"column":52}},"24":{"start":{"line":89,"column":6},"end":{"line":89,"column":59}},"25":{"start":{"line":89,"column":35},"end":{"line":89,"column":59}},"26":{"start":{"line":90,"column":6},"end":{"line":92,"column":8}},"27":{"start":{"line":100,"column":26},"end":{"line":100,"column":38}},"28":{"start":{"line":102,"column":4},"end":{"line":102,"column":66}},"29":{"start":{"line":103,"column":4},"end":{"line":103,"column":46}},"30":{"start":{"line":105,"column":22},"end":{"line":105,"column":71}},"31":{"start":{"line":108,"column":4},"end":{"line":112,"column":6}},"32":{"start":{"line":115,"column":4},"end":{"line":115,"column":45}},"33":{"start":{"line":116,"column":4},"end":{"line":116,"column":27}},"34":{"start":{"line":119,"column":4},"end":{"line":123,"column":14}},"35":{"start":{"line":125,"column":4},"end":{"line":125,"column":42}},"36":{"start":{"line":134,"column":25},"end":{"line":137,"column":5}},"37":{"start":{"line":138,"column":26},"end":{"line":138,"column":36}},"38":{"start":{"line":140,"column":4},"end":{"line":140,"column":66}},"39":{"start":{"line":141,"column":4},"end":{"line":141,"column":46}},"40":{"start":{"line":143,"column":22},"end":{"line":143,"column":71}},"41":{"start":{"line":146,"column":4},"end":{"line":150,"column":6}},"42":{"start":{"line":153,"column":19},"end":{"line":153,"column":23}},"43":{"start":{"line":154,"column":4},"end":{"line":187,"column":5}},"44":{"start":{"line":156,"column":6},"end":{"line":158,"column":7}},"45":{"start":{"line":157,"column":8},"end":{"line":157,"column":82}},"46":{"start":{"line":161,"column":24},"end":{"line":161,"column":70}},"47":{"start":{"line":162,"column":6},"end":{"line":166,"column":8}},"48":{"start":{"line":167,"column":6},"end":{"line":169,"column":7}},"49":{"start":{"line":168,"column":8},"end":{"line":168,"column":59}},"50":{"start":{"line":171,"column":6},"end":{"line":183,"column":7}},"51":{"start":{"line":173,"column":8},"end":{"line":173,"column":48}},"52":{"start":{"line":176,"column":8},"end":{"line":176,"column":80}},"53":{"start":{"line":179,"column":8},"end":{"line":179,"column":61}},"54":{"start":{"line":179,"column":37},"end":{"line":179,"column":61}},"55":{"start":{"line":180,"column":8},"end":{"line":182,"column":10}},"56":{"start":{"line":186,"column":6},"end":{"line":186,"column":42}},"57":{"start":{"line":189,"column":4},"end":{"line":210,"column":5}},"58":{"start":{"line":190,"column":6},"end":{"line":190,"column":43}},"59":{"start":{"line":191,"column":28},"end":{"line":191,"column":72}},"60":{"start":{"line":194,"column":6},"end":{"line":194,"column":47}},"61":{"start":{"line":195,"column":6},"end":{"line":195,"column":51}},"62":{"start":{"line":196,"column":6},"end":{"line":196,"column":29}},"63":{"start":{"line":199,"column":6},"end":{"line":203,"column":16}},"64":{"start":{"line":205,"column":6},"end":{"line":205,"column":52}},"65":{"start":{"line":208,"column":6},"end":{"line":208,"column":71}},"66":{"start":{"line":208,"column":47},"end":{"line":208,"column":71}},"67":{"start":{"line":209,"column":6},"end":{"line":209,"column":14}},"68":{"start":{"line":214,"column":21},"end":{"line":214,"column":61}},"69":{"start":{"line":215,"column":4},"end":{"line":217,"column":5}},"70":{"start":{"line":216,"column":8},"end":{"line":216,"column":77}},"71":{"start":{"line":219,"column":4},"end":{"line":219,"column":45}},"72":{"start":{"line":223,"column":6},"end":{"line":223,"column":81}},"73":{"start":{"line":224,"column":29},"end":{"line":224,"column":57}},"74":{"start":{"line":226,"column":6},"end":{"line":228,"column":7}},"75":{"start":{"line":227,"column":8},"end":{"line":227,"column":70}},"76":{"start":{"line":230,"column":6},"end":{"line":230,"column":81}},"77":{"start":{"line":230,"column":46},"end":{"line":230,"column":79}}},"fnMap":{"0":{"name":"(anonymous_0)","decl":{"start":{"line":18,"column":2},"end":{"line":18,"column":3}},"loc":{"start":{"line":23,"column":4},"end":{"line":94,"column":3}},"line":23},"1":{"name":"(anonymous_1)","decl":{"start":{"line":96,"column":2},"end":{"line":96,"column":3}},"loc":{"start":{"line":99,"column":4},"end":{"line":126,"column":3}},"line":99},"2":{"name":"(anonymous_2)","decl":{"start":{"line":128,"column":2},"end":{"line":128,"column":3}},"loc":{"start":{"line":133,"column":4},"end":{"line":211,"column":3}},"line":133},"3":{"name":"(anonymous_3)","decl":{"start":{"line":213,"column":2},"end":{"line":213,"column":3}},"loc":{"start":{"line":213,"column":47},"end":{"line":220,"column":1}},"line":213},"4":{"name":"(anonymous_4)","decl":{"start":{"line":222,"column":2},"end":{"line":222,"column":3}},"loc":{"start":{"line":222,"column":52},"end":{"line":231,"column":3}},"line":222},"5":{"name":"(anonymous_5)","decl":{"start":{"line":230,"column":32},"end":{"line":230,"column":33}},"loc":{"start":{"line":230,"column":46},"end":{"line":230,"column":79}},"line":230}},"branchMap":{"0":{"loc":{"start":{"line":42,"column":4},"end":{"line":48,"column":5}},"type":"if","locations":[{"start":{"line":42,"column":4},"end":{"line":48,"column":5}},{"start":{},"end":{}}],"line":42},"1":{"loc":{"start":{"line":51,"column":4},"end":{"line":53,"column":5}},"type":"if","locations":[{"start":{"line":51,"column":4},"end":{"line":53,"column":5}},{"start":{},"end":{}}],"line":51},"2":{"loc":{"start":{"line":62,"column":4},"end":{"line":64,"column":5}},"type":"if","locations":[{"start":{"line":62,"column":4},"end":{"line":64,"column":5}},{"start":{},"end":{}}],"line":62},"3":{"loc":{"start":{"line":89,"column":6},"end":{"line":89,"column":59}},"type":"if","locations":[{"start":{"line":89,"column":6},"end":{"line":89,"column":59}},{"start":{},"end":{}}],"line":89},"4":{"loc":{"start":{"line":154,"column":4},"end":{"line":187,"column":5}},"type":"if","locations":[{"start":{"line":154,"column":4},"end":{"line":187,"column":5}},{"start":{"line":184,"column":11},"end":{"line":187,"column":5}}],"line":154},"5":{"loc":{"start":{"line":156,"column":6},"end":{"line":158,"column":7}},"type":"if","locations":[{"start":{"line":156,"column":6},"end":{"line":158,"column":7}},{"start":{},"end":{}}],"line":156},"6":{"loc":{"start":{"line":167,"column":6},"end":{"line":169,"column":7}},"type":"if","locations":[{"start":{"line":167,"column":6},"end":{"line":169,"column":7}},{"start":{},"end":{}}],"line":167},"7":{"loc":{"start":{"line":179,"column":8},"end":{"line":179,"column":61}},"type":"if","locations":[{"start":{"line":179,"column":8},"end":{"line":179,"column":61}},{"start":{},"end":{}}],"line":179},"8":{"loc":{"start":{"line":208,"column":6},"end":{"line":208,"column":71}},"type":"if","locations":[{"start":{"line":208,"column":6},"end":{"line":208,"column":71}},{"start":{},"end":{}}],"line":208},"9":{"loc":{"start":{"line":208,"column":10},"end":{"line":208,"column":45}},"type":"binary-expr","locations":[{"start":{"line":208,"column":10},"end":{"line":208,"column":18}},{"start":{"line":208,"column":22},"end":{"line":208,"column":45}}],"line":208},"10":{"loc":{"start":{"line":215,"column":4},"end":{"line":217,"column":5}},"type":"if","locations":[{"start":{"line":215,"column":4},"end":{"line":217,"column":5}},{"start":{},"end":{}}],"line":215},"11":{"loc":{"start":{"line":226,"column":6},"end":{"line":228,"column":7}},"type":"if","locations":[{"start":{"line":226,"column":6},"end":{"line":228,"column":7}},{"start":{},"end":{}}],"line":226}},"s":{"0":0,"1":0,"2":0,"3":0,"4":0,"5":0,"6":0,"7":0,"8":0,"9":0,"10":0,"11":0,"12":0,"13":0,"14":0,"15":0,"16":0,"17":0,"18":0,"19":0,"20":0,"21":0,"22":0,"23":0,"24":0,"25":0,"26":0,"27":0,"28":0,"29":0,"30":0,"31":0,"32":0,"33":0,"34":0,"35":0,"36":0,"37":0,"38":0,"39":0,"40":0,"41":0,"42":0,"43":0,"44":0,"45":0,"46":0,"47":0,"48":0,"49":0,"50":0,"51":0,"52":0,"53":0,"54":0,"55":0,"56":0,"57":0,"58":0,"59":0,"60":0,"61":0,"62":0,"63":0,"64":0,"65":0,"66":0,"67":0,"68":0,"69":0,"70":0,"71":0,"72":0,"73":0,"74":0,"75":0,"76":0,"77":0},"f":{"0":0,"1":0,"2":0,"3":0,"4":0,"5":0},"b":{"0":[0,0],"1":[0,0],"2":[0,0],"3":[0,0],"4":[0,0],"5":[0,0],"6":[0,0],"7":[0,0],"8":[0,0],"9":[0,0],"10":[0,0],"11":[0,0]},"_coverageSchema":"1a1c01bbd47fc00a2c39e90264f33305004495a9","hash":"ba7ef184d9e228d56a46b3ba451924f22914ed10"}
,"D:\\Productzilla Academy\\Latihan-Express\\backend\\src\\services\\category-service.ts": {"path":"D:\\Productzilla Academy\\Latihan-Express\\backend\\src\\services\\category-service.ts","statementMap":{"0":{"start":{"line":7,"column":4},"end":{"line":7,"column":96}},"1":{"start":{"line":8,"column":21},"end":{"line":8,"column":43}},"2":{"start":{"line":9,"column":4},"end":{"line":9,"column":33}},"3":{"start":{"line":13,"column":4},"end":{"line":13,"column":33}},"4":{"start":{"line":17,"column":4},"end":{"line":17,"column":39}},"5":{"start":{"line":21,"column":4},"end":{"line":21,"column":96}},"6":{"start":{"line":22,"column":4},"end":{"line":22,"column":73}},"7":{"start":{"line":26,"column":4},"end":{"line":26,"column":96}},"8":{"start":{"line":27,"column":4},"end":{"line":27,"column":48}},"9":{"start":{"line":31,"column":31},"end":{"line":31,"column":52}}},"fnMap":{"0":{"name":"(anonymous_0)","decl":{"start":{"line":6,"column":2},"end":{"line":6,"column":3}},"loc":{"start":{"line":6,"column":87},"end":{"line":10,"column":3}},"line":6},"1":{"name":"(anonymous_1)","decl":{"start":{"line":12,"column":2},"end":{"line":12,"column":3}},"loc":{"start":{"line":12,"column":49},"end":{"line":14,"column":3}},"line":12},"2":{"name":"(anonymous_2)","decl":{"start":{"line":16,"column":2},"end":{"line":16,"column":3}},"loc":{"start":{"line":16,"column":63},"end":{"line":18,"column":3}},"line":16},"3":{"name":"(anonymous_3)","decl":{"start":{"line":20,"column":2},"end":{"line":20,"column":3}},"loc":{"start":{"line":20,"column":106},"end":{"line":23,"column":3}},"line":20},"4":{"name":"(anonymous_4)","decl":{"start":{"line":25,"column":2},"end":{"line":25,"column":3}},"loc":{"start":{"line":25,"column":92},"end":{"line":28,"column":3}},"line":25}},"branchMap":{},"s":{"0":0,"1":0,"2":0,"3":0,"4":0,"5":0,"6":0,"7":0,"8":0,"9":2},"f":{"0":0,"1":0,"2":0,"3":0,"4":0},"b":{},"_coverageSchema":"1a1c01bbd47fc00a2c39e90264f33305004495a9","hash":"491cc3bf17f25b958ebeb4c28d2175ae6cece8c1"}
,"D:\\Productzilla Academy\\Latihan-Express\\backend\\src\\services\\complaint-service.ts": {"path":"D:\\Productzilla Academy\\Latihan-Express\\backend\\src\\services\\complaint-service.ts","statementMap":{"0":{"start":{"line":19,"column":28},"end":{"line":19,"column":84}},"1":{"start":{"line":22,"column":8},"end":{"line":22,"column":80}},"2":{"start":{"line":23,"column":37},"end":{"line":23,"column":88}},"3":{"start":{"line":24,"column":8},"end":{"line":26,"column":9}},"4":{"start":{"line":25,"column":12},"end":{"line":25,"column":100}},"5":{"start":{"line":29,"column":8},"end":{"line":31,"column":9}},"6":{"start":{"line":30,"column":12},"end":{"line":30,"column":92}},"7":{"start":{"line":34,"column":8},"end":{"line":36,"column":9}},"8":{"start":{"line":35,"column":12},"end":{"line":35,"column":85}},"9":{"start":{"line":39,"column":26},"end":{"line":39,"column":74}},"10":{"start":{"line":40,"column":25},"end":{"line":40,"column":111}},"11":{"start":{"line":41,"column":8},"end":{"line":43,"column":9}},"12":{"start":{"line":42,"column":12},"end":{"line":42,"column":57}},"13":{"start":{"line":45,"column":8},"end":{"line":69,"column":9}},"14":{"start":{"line":47,"column":12},"end":{"line":47,"column":52}},"15":{"start":{"line":50,"column":12},"end":{"line":50,"column":82}},"16":{"start":{"line":51,"column":12},"end":{"line":51,"column":53}},"17":{"start":{"line":52,"column":12},"end":{"line":52,"column":38}},"18":{"start":{"line":55,"column":30},"end":{"line":56,"column":23}},"19":{"start":{"line":59,"column":12},"end":{"line":62,"column":22}},"20":{"start":{"line":64,"column":12},"end":{"line":64,"column":50}},"21":{"start":{"line":67,"column":12},"end":{"line":67,"column":65}},"22":{"start":{"line":67,"column":41},"end":{"line":67,"column":65}},"23":{"start":{"line":68,"column":12},"end":{"line":68,"column":87}},"24":{"start":{"line":73,"column":26},"end":{"line":73,"column":75}},"25":{"start":{"line":74,"column":25},"end":{"line":74,"column":87}},"26":{"start":{"line":76,"column":31},"end":{"line":78,"column":34}},"27":{"start":{"line":80,"column":25},"end":{"line":80,"column":55}},"28":{"start":{"line":81,"column":8},"end":{"line":81,"column":37}},"29":{"start":{"line":82,"column":8},"end":{"line":82,"column":77}},"30":{"start":{"line":84,"column":8},"end":{"line":84,"column":24}},"31":{"start":{"line":88,"column":21},"end":{"line":88,"column":39}},"32":{"start":{"line":89,"column":27},"end":{"line":94,"column":25}},"33":{"start":{"line":96,"column":8},"end":{"line":96,"column":32}},"34":{"start":{"line":97,"column":32},"end":{"line":97,"column":64}},"35":{"start":{"line":98,"column":8},"end":{"line":101,"column":9}},"36":{"start":{"line":105,"column":29},"end":{"line":105,"column":78}},"37":{"start":{"line":106,"column":8},"end":{"line":108,"column":9}},"38":{"start":{"line":107,"column":12},"end":{"line":107,"column":96}},"39":{"start":{"line":111,"column":29},"end":{"line":111,"column":85}},"40":{"start":{"line":112,"column":67},"end":{"line":112,"column":79}},"41":{"start":{"line":114,"column":48},"end":{"line":114,"column":50}},"42":{"start":{"line":115,"column":8},"end":{"line":122,"column":9}},"43":{"start":{"line":116,"column":25},"end":{"line":116,"column":65}},"44":{"start":{"line":117,"column":36},"end":{"line":117,"column":91}},"45":{"start":{"line":118,"column":12},"end":{"line":120,"column":13}},"46":{"start":{"line":119,"column":16},"end":{"line":119,"column":100}},"47":{"start":{"line":121,"column":12},"end":{"line":121,"column":37}},"48":{"start":{"line":123,"column":8},"end":{"line":123,"column":50}},"49":{"start":{"line":123,"column":21},"end":{"line":123,"column":50}},"50":{"start":{"line":124,"column":8},"end":{"line":124,"column":59}},"51":{"start":{"line":124,"column":24},"end":{"line":124,"column":59}},"52":{"start":{"line":125,"column":8},"end":{"line":125,"column":53}},"53":{"start":{"line":125,"column":22},"end":{"line":125,"column":53}},"54":{"start":{"line":126,"column":8},"end":{"line":130,"column":9}},"55":{"start":{"line":127,"column":12},"end":{"line":129,"column":13}},"56":{"start":{"line":128,"column":16},"end":{"line":128,"column":89}},"57":{"start":{"line":132,"column":25},"end":{"line":132,"column":112}},"58":{"start":{"line":133,"column":8},"end":{"line":152,"column":9}},"59":{"start":{"line":135,"column":12},"end":{"line":135,"column":53}},"60":{"start":{"line":136,"column":12},"end":{"line":136,"column":81}},"61":{"start":{"line":139,"column":12},"end":{"line":139,"column":82}},"62":{"start":{"line":142,"column":37},"end":{"line":146,"column":13}},"63":{"start":{"line":147,"column":12},"end":{"line":147,"column":58}},"64":{"start":{"line":150,"column":12},"end":{"line":150,"column":65}},"65":{"start":{"line":150,"column":41},"end":{"line":150,"column":65}},"66":{"start":{"line":151,"column":12},"end":{"line":151,"column":85}},"67":{"start":{"line":156,"column":26},"end":{"line":156,"column":75}},"68":{"start":{"line":157,"column":8},"end":{"line":159,"column":9}},"69":{"start":{"line":158,"column":12},"end":{"line":158,"column":91}},"70":{"start":{"line":161,"column":8},"end":{"line":161,"column":78}},"71":{"start":{"line":162,"column":8},"end":{"line":165,"column":10}},"72":{"start":{"line":169,"column":8},"end":{"line":171,"column":9}},"73":{"start":{"line":170,"column":12},"end":{"line":170,"column":91}},"74":{"start":{"line":172,"column":8},"end":{"line":172,"column":75}},"75":{"start":{"line":173,"column":8},"end":{"line":175,"column":10}},"76":{"start":{"line":179,"column":26},"end":{"line":179,"column":75}},"77":{"start":{"line":180,"column":8},"end":{"line":182,"column":9}},"78":{"start":{"line":181,"column":12},"end":{"line":181,"column":91}},"79":{"start":{"line":184,"column":8},"end":{"line":184,"column":56}},"80":{"start":{"line":187,"column":25},"end":{"line":187,"column":75}},"81":{"start":{"line":188,"column":8},"end":{"line":188,"column":61}},"82":{"start":{"line":188,"column":37},"end":{"line":188,"column":61}},"83":{"start":{"line":190,"column":8},"end":{"line":194,"column":10}}},"fnMap":{"0":{"name":"(anonymous_0)","decl":{"start":{"line":17,"column":4},"end":{"line":17,"column":5}},"loc":{"start":{"line":17,"column":113},"end":{"line":70,"column":5}},"line":17},"1":{"name":"(anonymous_1)","decl":{"start":{"line":72,"column":4},"end":{"line":72,"column":5}},"loc":{"start":{"line":72,"column":46},"end":{"line":85,"column":5}},"line":72},"2":{"name":"(anonymous_2)","decl":{"start":{"line":87,"column":4},"end":{"line":87,"column":5}},"loc":{"start":{"line":87,"column":53},"end":{"line":102,"column":5}},"line":87},"3":{"name":"(anonymous_3)","decl":{"start":{"line":104,"column":4},"end":{"line":104,"column":5}},"loc":{"start":{"line":104,"column":134},"end":{"line":153,"column":5}},"line":104},"4":{"name":"(anonymous_4)","decl":{"start":{"line":155,"column":4},"end":{"line":155,"column":5}},"loc":{"start":{"line":155,"column":89},"end":{"line":166,"column":5}},"line":155},"5":{"name":"(anonymous_5)","decl":{"start":{"line":168,"column":4},"end":{"line":168,"column":5}},"loc":{"start":{"line":168,"column":70},"end":{"line":176,"column":5}},"line":168},"6":{"name":"(anonymous_6)","decl":{"start":{"line":178,"column":4},"end":{"line":178,"column":5}},"loc":{"start":{"line":178,"column":79},"end":{"line":195,"column":5}},"line":178}},"branchMap":{"0":{"loc":{"start":{"line":24,"column":8},"end":{"line":26,"column":9}},"type":"if","locations":[{"start":{"line":24,"column":8},"end":{"line":26,"column":9}},{"start":{},"end":{}}],"line":24},"1":{"loc":{"start":{"line":29,"column":8},"end":{"line":31,"column":9}},"type":"if","locations":[{"start":{"line":29,"column":8},"end":{"line":31,"column":9}},{"start":{},"end":{}}],"line":29},"2":{"loc":{"start":{"line":34,"column":8},"end":{"line":36,"column":9}},"type":"if","locations":[{"start":{"line":34,"column":8},"end":{"line":36,"column":9}},{"start":{},"end":{}}],"line":34},"3":{"loc":{"start":{"line":41,"column":8},"end":{"line":43,"column":9}},"type":"if","locations":[{"start":{"line":41,"column":8},"end":{"line":43,"column":9}},{"start":{},"end":{}}],"line":41},"4":{"loc":{"start":{"line":67,"column":12},"end":{"line":67,"column":65}},"type":"if","locations":[{"start":{"line":67,"column":12},"end":{"line":67,"column":65}},{"start":{},"end":{}}],"line":67},"5":{"loc":{"start":{"line":106,"column":8},"end":{"line":108,"column":9}},"type":"if","locations":[{"start":{"line":106,"column":8},"end":{"line":108,"column":9}},{"start":{},"end":{}}],"line":106},"6":{"loc":{"start":{"line":115,"column":8},"end":{"line":122,"column":9}},"type":"if","locations":[{"start":{"line":115,"column":8},"end":{"line":122,"column":9}},{"start":{},"end":{}}],"line":115},"7":{"loc":{"start":{"line":118,"column":12},"end":{"line":120,"column":13}},"type":"if","locations":[{"start":{"line":118,"column":12},"end":{"line":120,"column":13}},{"start":{},"end":{}}],"line":118},"8":{"loc":{"start":{"line":123,"column":8},"end":{"line":123,"column":50}},"type":"if","locations":[{"start":{"line":123,"column":8},"end":{"line":123,"column":50}},{"start":{},"end":{}}],"line":123},"9":{"loc":{"start":{"line":124,"column":8},"end":{"line":124,"column":59}},"type":"if","locations":[{"start":{"line":124,"column":8},"end":{"line":124,"column":59}},{"start":{},"end":{}}],"line":124},"10":{"loc":{"start":{"line":125,"column":8},"end":{"line":125,"column":53}},"type":"if","locations":[{"start":{"line":125,"column":8},"end":{"line":125,"column":53}},{"start":{},"end":{}}],"line":125},"11":{"loc":{"start":{"line":126,"column":8},"end":{"line":130,"column":9}},"type":"if","locations":[{"start":{"line":126,"column":8},"end":{"line":130,"column":9}},{"start":{},"end":{}}],"line":126},"12":{"loc":{"start":{"line":127,"column":12},"end":{"line":129,"column":13}},"type":"if","locations":[{"start":{"line":127,"column":12},"end":{"line":129,"column":13}},{"start":{},"end":{}}],"line":127},"13":{"loc":{"start":{"line":150,"column":12},"end":{"line":150,"column":65}},"type":"if","locations":[{"start":{"line":150,"column":12},"end":{"line":150,"column":65}},{"start":{},"end":{}}],"line":150},"14":{"loc":{"start":{"line":157,"column":8},"end":{"line":159,"column":9}},"type":"if","locations":[{"start":{"line":157,"column":8},"end":{"line":159,"column":9}},{"start":{},"end":{}}],"line":157},"15":{"loc":{"start":{"line":169,"column":8},"end":{"line":171,"column":9}},"type":"if","locations":[{"start":{"line":169,"column":8},"end":{"line":171,"column":9}},{"start":{},"end":{}}],"line":169},"16":{"loc":{"start":{"line":180,"column":8},"end":{"line":182,"column":9}},"type":"if","locations":[{"start":{"line":180,"column":8},"end":{"line":182,"column":9}},{"start":{},"end":{}}],"line":180},"17":{"loc":{"start":{"line":188,"column":8},"end":{"line":188,"column":61}},"type":"if","locations":[{"start":{"line":188,"column":8},"end":{"line":188,"column":61}},{"start":{},"end":{}}],"line":188}},"s":{"0":0,"1":0,"2":0,"3":0,"4":0,"5":0,"6":0,"7":0,"8":0,"9":0,"10":0,"11":0,"12":0,"13":0,"14":0,"15":0,"16":0,"17":0,"18":0,"19":0,"20":0,"21":0,"22":0,"23":0,"24":0,"25":0,"26":0,"27":0,"28":0,"29":0,"30":0,"31":0,"32":0,"33":0,"34":0,"35":0,"36":0,"37":0,"38":0,"39":0,"40":0,"41":0,"42":0,"43":0,"44":0,"45":0,"46":0,"47":0,"48":0,"49":0,"50":0,"51":0,"52":0,"53":0,"54":0,"55":0,"56":0,"57":0,"58":0,"59":0,"60":0,"61":0,"62":0,"63":0,"64":0,"65":0,"66":0,"67":0,"68":0,"69":0,"70":0,"71":0,"72":0,"73":0,"74":0,"75":0,"76":0,"77":0,"78":0,"79":0,"80":0,"81":0,"82":0,"83":0},"f":{"0":0,"1":0,"2":0,"3":0,"4":0,"5":0,"6":0},"b":{"0":[0,0],"1":[0,0],"2":[0,0],"3":[0,0],"4":[0,0],"5":[0,0],"6":[0,0],"7":[0,0],"8":[0,0],"9":[0,0],"10":[0,0],"11":[0,0],"12":[0,0],"13":[0,0],"14":[0,0],"15":[0,0],"16":[0,0],"17":[0,0]},"_coverageSchema":"1a1c01bbd47fc00a2c39e90264f33305004495a9","hash":"799c88a740b104a2b2e427ddb948199e56bc4651"}
,"D:\\Productzilla Academy\\Latihan-Express\\backend\\src\\services\\statistics-service.ts": {"path":"D:\\Productzilla Academy\\Latihan-Express\\backend\\src\\services\\statistics-service.ts","statementMap":{"0":{"start":{"line":10,"column":4},"end":{"line":53,"column":5}},"1":{"start":{"line":11,"column":29},"end":{"line":11,"column":76}},"2":{"start":{"line":12,"column":32},"end":{"line":12,"column":67}},"3":{"start":{"line":15,"column":30},"end":{"line":15,"column":62}},"4":{"start":{"line":18,"column":41},"end":{"line":25,"column":8}},"5":{"start":{"line":28,"column":34},"end":{"line":41,"column":7}},"6":{"start":{"line":29,"column":23},"end":{"line":40,"column":9}},"7":{"start":{"line":34,"column":16},"end":{"line":34,"column":64}},"8":{"start":{"line":43,"column":6},"end":{"line":46,"column":8}},"9":{"start":{"line":48,"column":6},"end":{"line":52,"column":8}},"10":{"start":{"line":57,"column":4},"end":{"line":59,"column":6}},"11":{"start":{"line":63,"column":4},"end":{"line":65,"column":6}},"12":{"start":{"line":69,"column":4},"end":{"line":71,"column":6}},"13":{"start":{"line":75,"column":4},"end":{"line":77,"column":6}},"14":{"start":{"line":81,"column":4},"end":{"line":83,"column":6}},"15":{"start":{"line":87,"column":4},"end":{"line":89,"column":6}}},"fnMap":{"0":{"name":"(anonymous_0)","decl":{"start":{"line":9,"column":2},"end":{"line":9,"column":3}},"loc":{"start":{"line":9,"column":37},"end":{"line":54,"column":3}},"line":9},"1":{"name":"(anonymous_1)","decl":{"start":{"line":29,"column":8},"end":{"line":29,"column":9}},"loc":{"start":{"line":29,"column":23},"end":{"line":40,"column":9}},"line":29},"2":{"name":"(anonymous_2)","decl":{"start":{"line":33,"column":14},"end":{"line":33,"column":15}},"loc":{"start":{"line":34,"column":16},"end":{"line":34,"column":64}},"line":34},"3":{"name":"(anonymous_3)","decl":{"start":{"line":56,"column":2},"end":{"line":56,"column":3}},"loc":{"start":{"line":56,"column":28},"end":{"line":60,"column":3}},"line":56},"4":{"name":"(anonymous_4)","decl":{"start":{"line":62,"column":2},"end":{"line":62,"column":3}},"loc":{"start":{"line":62,"column":33},"end":{"line":66,"column":3}},"line":62},"5":{"name":"(anonymous_5)","decl":{"start":{"line":68,"column":2},"end":{"line":68,"column":3}},"loc":{"start":{"line":68,"column":43},"end":{"line":72,"column":3}},"line":68},"6":{"name":"(anonymous_6)","decl":{"start":{"line":74,"column":2},"end":{"line":74,"column":3}},"loc":{"start":{"line":74,"column":43},"end":{"line":78,"column":3}},"line":74},"7":{"name":"(anonymous_7)","decl":{"start":{"line":80,"column":2},"end":{"line":80,"column":3}},"loc":{"start":{"line":80,"column":44},"end":{"line":84,"column":3}},"line":80},"8":{"name":"(anonymous_8)","decl":{"start":{"line":86,"colu
[...]
lumn":50}},"63":{"start":{"line":147,"column":12},"end":{"line":147,"column":28}},"64":{"start":{"line":149,"column":12},"end":{"line":149,"column":65}},"65":{"start":{"line":149,"column":41},"end":{"line":149,"column":65}},"66":{"start":{"line":150,"column":12},"end":{"line":150,"column":94}},"67":{"start":{"line":155,"column":8},"end":{"line":155,"column":45}},"68":{"start":{"line":157,"column":25},"end":{"line":157,"column":52}},"69":{"start":{"line":158,"column":8},"end":{"line":160,"column":9}},"70":{"start":{"line":159,"column":12},"end":{"line":159,"column":71}},"71":{"start":{"line":162,"column":25},"end":{"line":162,"column":49}},"72":{"start":{"line":163,"column":8},"end":{"line":165,"column":9}},"73":{"start":{"line":164,"column":12},"end":{"line":164,"column":46}},"74":{"start":{"line":167,"column":8},"end":{"line":167,"column":24}},"75":{"start":{"line":171,"column":21},"end":{"line":171,"column":39}},"76":{"start":{"line":173,"column":8},"end":{"line":173,"column":82}},"77":{"start":{"line":175,"column":29},"end":{"line":175,"column":72}},"78":{"start":{"line":177,"column":27},"end":{"line":177,"column":56}},"79":{"start":{"line":179,"column":8},"end":{"line":182,"column":10}},"80":{"start":{"line":181,"column":44},"end":{"line":181,"column":64}},"81":{"start":{"line":187,"column":8},"end":{"line":187,"column":86}},"82":{"start":{"line":190,"column":21},"end":{"line":190,"column":68}},"83":{"start":{"line":192,"column":8},"end":{"line":194,"column":9}},"84":{"start":{"line":193,"column":12},"end":{"line":193,"column":71}},"85":{"start":{"line":196,"column":8},"end":{"line":196,"column":32}},"86":{"start":{"line":197,"column":8},"end":{"line":197,"column":26}},"87":{"start":{"line":199,"column":8},"end":{"line":199,"column":36}},"88":{"start":{"line":203,"column":8},"end":{"line":203,"column":45}},"89":{"start":{"line":205,"column":21},"end":{"line":205,"column":48}},"90":{"start":{"line":206,"column":8},"end":{"line":208,"column":9}},"91":{"start":{"line":207,"column":12},"end":{"line":207,"column":71}},"92":{"start":{"line":210,"column":27},"end":{"line":213,"column":10}},"93":{"start":{"line":215,"column":25},"end":{"line":215,"column":45}},"94":{"start":{"line":216,"column":8},"end":{"line":216,"column":63}},"95":{"start":{"line":218,"column":8},"end":{"line":218,"column":24}},"96":{"start":{"line":222,"column":8},"end":{"line":222,"column":45}},"97":{"start":{"line":223,"column":8},"end":{"line":223,"column":77}},"98":{"start":{"line":225,"column":21},"end":{"line":225,"column":57}},"99":{"start":{"line":226,"column":8},"end":{"line":228,"column":9}},"100":{"start":{"line":227,"column":12},"end":{"line":227,"column":71}},"101":{"start":{"line":230,"column":8},"end":{"line":234,"column":9}}},"fnMap":{"0":{"name":"(anonymous_0)","decl":{"start":{"line":23,"column":4},"end":{"line":23,"column":5}},"loc":{"start":{"line":23,"column":79},"end":{"line":43,"column":5}},"line":23},"1":{"name":"(anonymous_1)","decl":{"start":{"line":45,"column":4},"end":{"line":45,"column":5}},"loc":{"start":{"line":45,"column":73},"end":{"line":72,"column":5}},"line":45},"2":{"name":"(anonymous_2)","decl":{"start":{"line":74,"column":4},"end":{"line":74,"column":5}},"loc":{"start":{"line":74,"column":107},"end":{"line":152,"column":5}},"line":74},"3":{"name":"(anonymous_3)","decl":{"start":{"line":154,"column":4},"end":{"line":154,"column":5}},"loc":{"start":{"line":154,"column":41},"end":{"line":168,"column":5}},"line":154},"4":{"name":"(anonymous_4)","decl":{"start":{"line":170,"column":4},"end":{"line":170,"column":5}},"loc":{"start":{"line":170,"column":88},"end":{"line":183,"column":5}},"line":170},"5":{"name":"(anonymous_5)","decl":{"start":{"line":181,"column":36},"end":{"line":181,"column":37}},"loc":{"start":{"line":181,"column":44},"end":{"line":181,"column":64}},"line":181},"6":{"name":"(anonymous_6)","decl":{"start":{"line":185,"column":4},"end":{"line":185,"column":5}},"loc":{"start":{"line":185,"column":74},"end":{"line":200,"column":5}},"line":185},"7":{"name":"(anonymous_7)","decl":{"start":{"line":202,"column":4},"end":{"line":202,"column":5}},"loc":{"start":{"line":202,"column":55},"end":{"line":219,"column":5}},"line":202},"8":{"name":"(anonymous_8)","decl":{"start":{"line":221,"column":4},"end":{"line":221,"column":5}},"loc":{"start":{"line":221,"column":70},"end":{"line":235,"column":5}},"line":221}},"branchMap":{"0":{"loc":{"start":{"line":29,"column":8},"end":{"line":31,"column":9}},"type":"if","locations":[{"start":{"line":29,"column":8},"end":{"line":31,"column":9}},{"start":{},"end":{}}],"line":29},"1":{"loc":{"start":{"line":34,"column":8},"end":{"line":36,"column":9}},"type":"if","locations":[{"start":{"line":34,"column":8},"end":{"line":36,"column":9}},{"start":{},"end":{}}],"line":34},"2":{"loc":{"start":{"line":51,"column":8},"end":{"line":53,"column":9}},"type":"if","locations":[{"start":{"line":51,"column":8},"end":{"line":53,"column":9}},{"start":{},"end":{}}],"line":51},"3":{"loc":{"start":{"line":51,"column":12},"end":{"line":51,"column":38}},"type":"binary-expr","locations":[{"start":{"line":51,"column":12},"end":{"line":51,"column":17}},{"start":{"line":51,"column":21},"end":{"line":51,"column":38}}],"line":51},"4":{"loc":{"start":{"line":56,"column":8},"end":{"line":58,"column":9}},"type":"if","locations":[{"start":{"line":56,"column":8},"end":{"line":58,"column":9}},{"start":{},"end":{}}],"line":56},"5":{"loc":{"start":{"line":68,"column":8},"end":{"line":70,"column":9}},"type":"if","locations":[{"start":{"line":68,"column":8},"end":{"line":70,"column":9}},{"start":{},"end":{}}],"line":68},"6":{"loc":{"start":{"line":79,"column":8},"end":{"line":81,"column":9}},"type":"if","locations":[{"start":{"line":79,"column":8},"end":{"line":81,"column":9}},{"start":{},"end":{}}],"line":79},"7":{"loc":{"start":{"line":84,"column":8},"end":{"line":86,"column":9}},"type":"if","locations":[{"start":{"line":84,"column":8},"end":{"line":86,"column":9}},{"start":{},"end":{}}],"line":84},"8":{"loc":{"start":{"line":84,"column":12},"end":{"line":84,"column":64}},"type":"binary-expr","locations":[{"start":{"line":84,"column":12},"end":{"line":84,"column":23}},{"start":{"line":84,"column":27},"end":{"line":84,"column":64}}],"line":84},"9":{"loc":{"start":{"line":89,"column":8},"end":{"line":105,"column":9}},"type":"if","locations":[{"start":{"line":89,"column":8},"end":{"line":105,"column":9}},{"start":{},"end":{}}],"line":89},"10":{"loc":{"start":{"line":92,"column":12},"end":{"line":94,"column":13}},"type":"if","locations":[{"start":{"line":92,"column":12},"end":{"line":94,"column":13}},{"start":{},"end":{}}],"line":92},"11":{"loc":{"start":{"line":96,"column":12},"end":{"line":98,"column":13}},"type":"if","locations":[{"start":{"line":96,"column":12},"end":{"line":98,"column":13}},{"start":{},"end":{}}],"line":96},"12":{"loc":{"start":{"line":100,"column":12},"end":{"line":102,"column":13}},"type":"if","locations":[{"start":{"line":100,"column":12},"end":{"line":102,"column":13}},{"start":{},"end":{}}],"line":100},"13":{"loc":{"start":{"line":111,"column":12},"end":{"line":134,"column":13}},"type":"if","locations":[{"start":{"line":111,"column":12},"end":{"line":134,"column":13}},{"start":{},"end":{}}],"line":111},"14":{"loc":{"start":{"line":115,"column":16},"end":{"line":117,"column":17}},"type":"if","locations":[{"start":{"line":115,"column":16},"end":{"line":117,"column":17}},{"start":{},"end":{}}],"line":115},"15":{"loc":{"start":{"line":120,"column":16},"end":{"line":122,"column":17}},"type":"if","locations":[{"start":{"line":120,"column":16},"end":{"line":122,"column":17}},{"start":{},"end":{}}],"line":120},"16":{"loc":{"start":{"line":128,"column":16},"end":{"line":131,"column":17}},"type":"if","locations":[{"start":{"line":128,"column":16},"end":{"line":131,"column":17}},{"start":{},"end":{}}],"line":128},"17":{"loc":{"start":{"line":143,"column":12},"end":{"line":145,"column":13}},"type":"if","locations":[{"start":{"line":143,"column":12},"end":{"line":145,"column":13}},{"start":{},"end":{}}],"line":143},"18":{"loc":{"start":{"line":149,"column":12},"end":{"line":149,"column":65}},"type":"if","locations":[{"start":{"line":149,"column":12},"end":{"line":149,"column":65}},{"start":{},"end":{}}],"line":149},"19":{"loc":{"start":{"line":158,"column":8},"end":{"line":160,"column":9}},"type":"if","locations":[{"start":{"line":158,"column":8},"end":{"line":160,"column":9}},{"start":{},"end":{}}],"line":158},"20":{"loc":{"start":{"line":163,"column":8},"end":{"line":165,"column":9}},"type":"if","locations":[{"start":{"line":163,"column":8},"end":{"line":165,"column":9}},{"start":{},"end":{}}],"line":163},"21":{"loc":{"start":{"line":192,"column":8},"end":{"line":194,"column":9}},"type":"if","locations":[{"start":{"line":192,"column":8},"end":{"line":194,"column":9}},{"start":{},"end":{}}],"line":192},"22":{"loc":{"start":{"line":206,"column":8},"end":{"line":208,"column":9}},"type":"if","locations":[{"start":{"line":206,"column":8},"end":{"line":208,"column":9}},{"start":{},"end":{}}],"line":206},"23":{"loc":{"start":{"line":226,"column":8},"end":{"line":228,"column":9}},"type":"if","locations":[{"start":{"line":226,"column":8},"end":{"line":228,"column":9}},{"start":{},"end":{}}],"line":226}},"s":{"0":5,"1":3,"2":3,"3":3,"4":1,"5":2,"6":2,"7":0,"8":2,"9":2,"10":2,"11":6,"12":5,"13":5,"14":5,"15":1,"16":4,"17":4,"18":2,"19":2,"20":2,"21":1,"22":1,"23":1,"24":0,"25":1,"26":0,"27":0,"28":0,"29":0,"30":0,"31":0,"32":0,"33":0,"34":0,"35":0,"36":0,"37":0,"38":0,"39":0,"40":0,"41":0,"42":0,"43":0,"44":0,"45":0,"46":0,"47":0,"48":0,"49":0,"50":0,"51":0,"52":0,"53":0,"54":0,"55":0,"56":0,"57":0,"58":0,"59":0,"60":0,"61":0,"62":0,"63":0,"64":0,"65":0,"66":0,"67":0,"68":0,"69":0,"70":0,"71":0,"72":0,"73":0,"74":0,"75":0,"76":0,"77":0,"78":0,"79":0,"80":0,"81":0,"82":0,"83":0,"84":0,"85":0,"86":0,"87":0,"88":0,"89":0,"90":0,"91":0,"92":0,"93":0,"94":0,"95":0,"96":0,"97":0,"98":0,"99":0,"100":0,"101":0},"f":{"0":5,"1":6,"2":0,"3":0,"4":0,"5":0,"6":0,"7":0,"8":0},"b":{"0":[1,2],"1":[0,2],"2":[1,4],"3":[5,4],"4":[2,2],"5":[0,1],"6":[0,0],"7":[0,0],"8":[0,0],"9":[0,0],"10":[0,0],"11":[0,0],"12":[0,0],"13":[0,0],"14":[0,0],"15":[0,0],"16":[0,0],"17":[0,0],"18":[0,0],"19":[0,0],"20":[0,0],"21":[0,0],"22":[0,0],"23":[0,0]},"_coverageSchema":"1a1c01bbd47fc00a2c39e90264f33305004495a9","hash":"6b8b6942e3d6577609bcc31c7064939f2e9943ca"}
,"D:\\Productzilla Academy\\Latihan-Express\\backend\\src\\types\\custom-errors.ts": {"path":"D:\\Productzilla Academy\\Latihan-Express\\backend\\src\\types\\custom-errors.ts","statementMap":{"0":{"start":{"line":6,"column":8},"end":{"line":6,"column":23}},"1":{"start":{"line":7,"column":8},"end":{"line":7,"column":25}},"2":{"start":{"line":8,"column":8},"end":{"line":8,"column":29}}},"fnMap":{"0":{"name":"(anonymous_0)","decl":{"start":{"line":5,"column":4},"end":{"line":5,"column":5}},"loc":{"start":{"line":5,"column":63},"end":{"line":9,"column":5}},"line":5}},"branchMap":{},"s":{"0":11,"1":11,"2":11},"f":{"0":11},"b":{},"_coverageSchema":"1a1c01bbd47fc00a2c39e90264f33305004495a9","hash":"d1f887ad62627264424268e964cf9fbf3b459ccc"}
,"D:\\Productzilla Academy\\Latihan-Express\\backend\\src\\utils\\getenv.ts": {"path":"D:\\Productzilla Academy\\Latihan-Express\\backend\\src\\utils\\getenv.ts","statementMap":{"0":{"start":{"line":2,"column":18},"end":{"line":2,"column":35}},"1":{"start":{"line":3,"column":4},"end":{"line":5,"column":5}},"2":{"start":{"line":4,"column":8},"end":{"line":4,"column":67}},"3":{"start":{"line":6,"column":4},"end":{"line":6,"column":17}}},"fnMap":{"0":{"name":"getEnv","decl":{"start":{"line":1,"column":16},"end":{"line":1,"column":22}},"loc":{"start":{"line":1,"column":45},"end":{"line":7,"column":1}},"line":1}},"branchMap":{"0":{"loc":{"start":{"line":3,"column":4},"end":{"line":5,"column":5}},"type":"if","locations":[{"start":{"line":3,"column":4},"end":{"line":5,"column":5}},{"start":{},"end":{}}],"line":3}},"s":{"0":8,"1":8,"2":1,"3":7},"f":{"0":8},"b":{"0":[1,7]},"_coverageSchema":"1a1c01bbd47fc00a2c39e90264f33305004495a9","hash":"5de2661dd9640d2bc8648146794dbeb1d2e2abf4"}
,"D:\\Productzilla Academy\\Latihan-Express\\backend\\src\\utils\\service-utils.ts": {"path":"D:\\Productzilla Academy\\Latihan-Express\\backend\\src\\utils\\service-utils.ts","statementMap":{"0":{"start":{"line":9,"column":22},"end":{"line":9,"column":37}},"1":{"start":{"line":11,"column":8},"end":{"line":13,"column":9}},"2":{"start":{"line":12,"column":12},"end":{"line":12,"column":91}},"3":{"start":{"line":17,"column":26},"end":{"line":17,"column":63}},"4":{"start":{"line":18,"column":8},"end":{"line":20,"column":9}},"5":{"start":{"line":19,"column":12},"end":{"line":19,"column":75}},"6":{"start":{"line":22,"column":8},"end":{"line":22,"column":25}},"7":{"start":{"line":26,"column":31},"end":{"line":27,"column":26}},"8":{"start":{"line":28,"column":8},"end":{"line":30,"column":9}},"9":{"start":{"line":29,"column":12},"end":{"line":29,"column":61}},"10":{"start":{"line":34,"column":8},"end":{"line":36,"column":9}},"11":{"start":{"line":35,"column":12},"end":{"line":35,"column":62}},"12":{"start":{"line":39,"column":26},"end":{"line":42,"column":5}},"13":{"start":{"line":40,"column":21},"end":{"line":40,"column":52}},"14":{"start":{"line":41,"column":8},"end":{"line":41,"column":35}}},"fnMap":{"0":{"name":"(anonymous_0)","decl":{"start":{"line":10,"column":4},"end":{"line":10,"column":5}},"loc":{"start":{"line":10,"column":45},"end":{"line":14,"column":5}},"line":10},"1":{"name":"(anonymous_1)","decl":{"start":{"line":16,"column":4},"end":{"line":16,"column":5}},"loc":{"start":{"line":16,"column":56},"end":{"line":23,"column":5}},"line":16},"2":{"name":"(anonymous_2)","decl":{"start":{"line":25,"column":4},"end":{"line":25,"column":5}},"loc":{"start":{"line":25,"column":97},"end":{"line":31,"column":5}},"line":25},"3":{"name":"(anonymous_3)","decl":{"start":{"line":33,"column":4},"end":{"line":33,"column":5}},"loc":{"start":{"line":33,"column":71},"end":{"line":37,"column":5}},"line":33},"4":{"name":"(anonymous_4)","decl":{"start":{"line":39,"column":26},"end":{"line":39,"column":27}},"loc":{"start":{"line":39,"column":69},"end":{"line":42,"column":5}},"line":39}},"branchMap":{"0":{"loc":{"start":{"line":11,"column":8},"end":{"line":13,"column":9}},"type":"if","locations":[{"start":{"line":11,"column":8},"end":{"line":13,"column":9}},{"start":{},"end":{}}],"line":11},"1":{"loc":{"start":{"line":18,"column":8},"end":{"line":20,"column":9}},"type":"if","locations":[{"start":{"line":18,"column":8},"end":{"line":20,"column":9}},{"start":{},"end":{}}],"line":18},"2":{"loc":{"start":{"line":28,"column":8},"end":{"line":30,"column":9}},"type":"if","locations":[{"start":{"line":28,"column":8},"end":{"line":30,"column":9}},{"start":{},"end":{}}],"line":28},"3":{"loc":{"start":{"line":34,"column":8},"end":{"line":36,"column":9}},"type":"if","locations":[{"start":{"line":34,"column":8},"end":{"line":36,"column":9}},{"start":{},"end":{}}],"line":34}},"s":{"0":3,"1":0,"2":0,"3":0,"4":0,"5":0,"6":0,"7":0,"8":0,"9":0,"10":0,"11":0,"12":3,"13":0,"14":0},"f":{"0":0,"1":0,"2":0,"3":0,"4":0},"b":{"0":[0,0],"1":[0,0],"2":[0,0],"3":[0,0]},"_coverageSchema":"1a1c01bbd47fc00a2c39e90264f33305004495a9","hash":"a1c6a6a20d9db5abcee190500040e5028a372ca9"}
,"D:\\Productzilla Academy\\Latihan-Express\\backend\\src\\validations\\admin-feedback-validation.ts": {"path":"D:\\Productzilla Academy\\Latihan-Express\\backend\\src\\validations\\admin-feedback-validation.ts","statementMap":{"0":{"start":{"line":4,"column":20},"end":{"line":8,"column":6}}},"fnMap":{},"branchMap":{},"s":{"0":2},"f":{},"b":{},"_coverageSchema":"1a1c01bbd47fc00a2c39e90264f33305004495a9","hash":"e3eb3e0e1f0c8ae61cddc444d126650eb9ad0598"}
,"D:\\Productzilla Academy\\Latihan-Express\\backend\\src\\validations\\category-validation.ts": {"path":"D:\\Productzilla Academy\\Latihan-Express\\backend\\src\\validations\\category-validation.ts","statementMap":{"0":{"start":{"line":4,"column":36},"end":{"line":6,"column":2}}},"fnMap":{},"branchMap":{},"s":{"0":2},"f":{},"b":{},"_coverageSchema":"1a1c01bbd47fc00a2c39e90264f33305004495a9","hash":"33c07f59c130ba5e90b59200e01f8088d1b5fbed"}
,"D:\\Productzilla Academy\\Latihan-Express\\backend\\src\\validations\\complaint-validation.ts": {"path":"D:\\Productzilla Academy\\Latihan-Express\\backend\\src\\validations\\complaint-validation.ts","statementMap":{"0":{"start":{"line":4,"column":20},"end":{"line":10,"column":6}},"1":{"start":{"line":12,"column":20},"end":{"line":18,"column":6}}},"fnMap":{},"branchMap":{},"s":{"0":2,"1":2},"f":{},"b":{},"_coverageSchema":"1a1c01bbd47fc00a2c39e90264f33305004495a9","hash":"9d8a0358d4d3417134bb1200e66ae59ecaeed793"}
,"D:\\Productzilla Academy\\Latihan-Express\\backend\\src\\validations\\schema.ts": {"path":"D:\\Productzilla Academy\\Latihan-Express\\backend\\src\\validations\\schema.ts","statementMap":{"0":{"start":{"line":5,"column":8},"end":{"line":5,"column":34}}},"fnMap":{"0":{"name":"(anonymous_0)","decl":{"start":{"line":4,"column":4},"end":{"line":4,"column":5}},"loc":{"start":{"line":4,"column":52},"end":{"line":6,"column":5}},"line":4}},"branchMap":{},"s":{"0":11},"f":{"0":11},"b":{},"_coverageSchema":"1a1c01bbd47fc00a2c39e90264f33305004495a9","hash":"5946e2fe48c4d09a3676cd4672940d00382a4f8c"}
,"D:\\Productzilla Academy\\Latihan-Express\\backend\\src\\validations\\user-validation.ts": {"path":"D:\\Productzilla Academy\\Latihan-Express\\backend\\src\\validations\\user-validation.ts","statementMap":{"0":{"start":{"line":5,"column":40},"end":{"line":19,"column":6}},"1":{"start":{"line":21,"column":37},"end":{"line":29,"column":6}},"2":{"start":{"line":31,"column":38},"end":{"line":55,"column":6}}},"fnMap":{},"branchMap":{},"s":{"0":3,"1":3,"2":3},"f":{},"b":{},"_coverageSchema":"1a1c01bbd47fc00a2c39e90264f33305004495a9","hash":"f123939244a678d252329ca779c8e65d369843aa"}
,"D:\\Productzilla Academy\\Latihan-Express\\backend\\tests\\integration-tests\\test-util.ts": {"path":"D:\\Productzilla Academy\\Latihan-Express\\backend\\tests\\integration-tests\\test-util.ts","statementMap":{"0":{"start":{"line":7,"column":8},"end":{"line":12,"column":9}},"1":{"start":{"line":8,"column":27},"end":{"line":8,"column":52}},"2":{"start":{"line":9,"column":12},"end":{"line":9,"column":73}},"3":{"start":{"line":11,"column":12},"end":{"line":11,"column":62}},"4":{"start":{"line":16,"column":8},"end":{"line":31,"column":9}},"5":{"start":{"line":17,"column":28},"end":{"line":23,"column":14}},"6":{"start":{"line":25,"column":12},"end":{"line":25,"column":33}},"7":{"start":{"line":26,"column":12},"end":{"line":26,"column":53}},"8":{"start":{"line":28,"column":12},"end":{"line":28,"column":27}},"9":{"start":{"line":30,"column":12},"end":{"line":30,"column":61}}},"fnMap":{"0":{"name":"(anonymous_0)","decl":{"start":{"line":6,"column":4},"end":{"line":6,"column":5}},"loc":{"start":{"line":6,"column":31},"end":{"line":13,"column":5}},"line":6},"1":{"name":"(anonymous_1)","decl":{"start":{"line":15,"column":4},"end":{"line":15,"column":5}},"loc":{"start":{"line":15,"column":30},"end":{"line":32,"column":5}},"line":15}},"branchMap":{},"s":{"0":5,"1":5,"2":5,"3":0,"4":3,"5":3,"6":3,"7":3,"8":3,"9":0},"f":{"0":5,"1":3},"b":{},"_coverageSchema":"1a1c01bbd47fc00a2c39e90264f33305004495a9","hash":"935524e8b6c13749b6989ba8ed952511cca2b1f2"}
,"D:\\Productzilla Academy\\Latihan-Express\\backend\\tests\\unit-tests\\mock-data.ts": {"path":"D:\\Productzilla Academy\\Latihan-Express\\backend\\tests\\unit-tests\\mock-data.ts","statementMap":{"0":{"start":{"line":4,"column":18},"end":{"line":12,"column":5}},"1":{"start":{"line":14,"column":43},"end":{"line":19,"column":5}},"2":{"start":{"line":21,"column":37},"end":{"line":24,"column":5}}},"fnMap":{},"branchMap":{},"s":{"0":1,"1":1,"2":1},"f":{},"b":{},"_coverageSchema":"1a1c01bbd47fc00a2c39e90264f33305004495a9","hash":"82d51411c6ae11669cb580fafaba555794b6a93f"}
}
